[2023-05-13 04:12:59Z INFO HostContext] No proxy settings were found based on environmental variables (http_proxy/https_proxy/HTTP_PROXY/HTTPS_PROXY)
[2023-05-13 04:12:59Z INFO HostContext] Well known directory 'Bin': 'R:\react-native\Agility_Service\actions-runner\bin'
[2023-05-13 04:12:59Z INFO HostContext] Well known directory 'Root': 'R:\react-native\Agility_Service\actions-runner'
[2023-05-13 04:12:59Z INFO HostContext] Well known config file 'Credentials': 'R:\react-native\Agility_Service\actions-runner\.credentials'
[2023-05-13 04:13:00Z INFO HostContext] Well known directory 'Bin': 'R:\react-native\Agility_Service\actions-runner\bin'
[2023-05-13 04:13:00Z INFO HostContext] Well known directory 'Root': 'R:\react-native\Agility_Service\actions-runner'
[2023-05-13 04:13:00Z INFO HostContext] Well known config file 'Runner': 'R:\react-native\Agility_Service\actions-runner\.runner'
[2023-05-13 04:13:00Z INFO Listener] Runner is built for Windows (X64) - win-x64.
[2023-05-13 04:13:00Z INFO Listener] RuntimeInformation: Microsoft Windows 10.0.22623.
[2023-05-13 04:13:00Z INFO Listener] Version: 2.304.0
[2023-05-13 04:13:00Z INFO Listener] Commit: 9ef4121b5b31ee5c03b7770288213d741081f747
[2023-05-13 04:13:00Z INFO Listener] Culture: pt-BR
[2023-05-13 04:13:00Z INFO Listener] UI Culture: pt-BR
[2023-05-13 04:13:00Z INFO HostContext] Well known directory 'Bin': 'R:\react-native\Agility_Service\actions-runner\bin'
[2023-05-13 04:13:00Z INFO HostContext] Well known directory 'Root': 'R:\react-native\Agility_Service\actions-runner'
[2023-05-13 04:13:00Z INFO Listener] Validating directory permissions for: 'R:\react-native\Agility_Service\actions-runner'
[2023-05-13 04:13:00Z INFO CommandLineParser] Parse
[2023-05-13 04:13:00Z INFO CommandLineParser] Parsing 1 args
[2023-05-13 04:13:00Z INFO CommandLineParser] parsing argument
[2023-05-13 04:13:00Z INFO CommandLineParser] HasArgs: False
[2023-05-13 04:13:00Z INFO CommandLineParser] Adding Command: run
[2023-05-13 04:13:00Z INFO Listener] Arguments parsed
[2023-05-13 04:13:00Z INFO Runner] ExecuteCommand
[2023-05-13 04:13:00Z INFO ConfigurationStore] currentAssemblyLocation: R:\react-native\Agility_Service\actions-runner\bin\Runner.Listener.dll
[2023-05-13 04:13:00Z INFO HostContext] Well known directory 'Bin': 'R:\react-native\Agility_Service\actions-runner\bin'
[2023-05-13 04:13:00Z INFO ConfigurationStore] binPath: R:\react-native\Agility_Service\actions-runner\bin
[2023-05-13 04:13:00Z INFO HostContext] Well known directory 'Bin': 'R:\react-native\Agility_Service\actions-runner\bin'
[2023-05-13 04:13:00Z INFO HostContext] Well known directory 'Root': 'R:\react-native\Agility_Service\actions-runner'
[2023-05-13 04:13:00Z INFO ConfigurationStore] RootFolder: R:\react-native\Agility_Service\actions-runner
[2023-05-13 04:13:00Z INFO HostContext] Well known directory 'Bin': 'R:\react-native\Agility_Service\actions-runner\bin'
[2023-05-13 04:13:00Z INFO HostContext] Well known directory 'Root': 'R:\react-native\Agility_Service\actions-runner'
[2023-05-13 04:13:00Z INFO HostContext] Well known config file 'Runner': 'R:\react-native\Agility_Service\actions-runner\.runner'
[2023-05-13 04:13:00Z INFO ConfigurationStore] ConfigFilePath: R:\react-native\Agility_Service\actions-runner\.runner
[2023-05-13 04:13:00Z INFO HostContext] Well known directory 'Bin': 'R:\react-native\Agility_Service\actions-runner\bin'
[2023-05-13 04:13:00Z INFO HostContext] Well known directory 'Root': 'R:\react-native\Agility_Service\actions-runner'
[2023-05-13 04:13:00Z INFO HostContext] Well known config file 'Credentials': 'R:\react-native\Agility_Service\actions-runner\.credentials'
[2023-05-13 04:13:00Z INFO ConfigurationStore] CredFilePath: R:\react-native\Agility_Service\actions-runner\.credentials
[2023-05-13 04:13:00Z INFO HostContext] Well known directory 'Bin': 'R:\react-native\Agility_Service\actions-runner\bin'
[2023-05-13 04:13:00Z INFO HostContext] Well known directory 'Root': 'R:\react-native\Agility_Service\actions-runner'
[2023-05-13 04:13:00Z INFO HostContext] Well known config file 'MigratedCredentials': 'R:\react-native\Agility_Service\actions-runner\.credentials_migrated'
[2023-05-13 04:13:00Z INFO ConfigurationStore] MigratedCredFilePath: R:\react-native\Agility_Service\actions-runner\.credentials_migrated
[2023-05-13 04:13:00Z INFO HostContext] Well known directory 'Bin': 'R:\react-native\Agility_Service\actions-runner\bin'
[2023-05-13 04:13:00Z INFO HostContext] Well known directory 'Root': 'R:\react-native\Agility_Service\actions-runner'
[2023-05-13 04:13:00Z INFO HostContext] Well known config file 'Service': 'R:\react-native\Agility_Service\actions-runner\.service'
[2023-05-13 04:13:00Z INFO ConfigurationStore] ServiceConfigFilePath: R:\react-native\Agility_Service\actions-runner\.service
[2023-05-13 04:13:00Z INFO CommandSettings] Flag 'help': 'False'
[2023-05-13 04:13:00Z INFO CommandSettings] Flag 'version': 'False'
[2023-05-13 04:13:00Z INFO CommandSettings] Flag 'commit': 'False'
[2023-05-13 04:13:00Z INFO CommandSettings] Flag 'check': 'False'
[2023-05-13 04:13:00Z INFO CommandSettings] Command 'configure': 'False'
[2023-05-13 04:13:00Z INFO CommandSettings] Command 'remove': 'False'
[2023-05-13 04:13:00Z INFO CommandSettings] Command 'warmup': 'False'
[2023-05-13 04:13:00Z INFO ConfigurationManager] LoadSettings
[2023-05-13 04:13:00Z INFO ConfigurationStore] IsConfigured()
[2023-05-13 04:13:00Z INFO ConfigurationStore] IsConfigured: True
[2023-05-13 04:13:00Z INFO ConfigurationManager] Is configured: True
[2023-05-13 04:13:00Z INFO ConfigurationStore] Read setting file: 312 chars
[2023-05-13 04:13:00Z INFO ConfigurationManager] Settings Loaded
[2023-05-13 04:13:00Z INFO ConfigurationStore] IsServiceConfigured()
[2023-05-13 04:13:00Z INFO ConfigurationStore] IsServiceConfigured: False
[2023-05-13 04:13:00Z INFO CommandSettings] Command 'run': 'True'
[2023-05-13 04:13:00Z INFO ConfigurationStore] IsConfigured()
[2023-05-13 04:13:00Z INFO ConfigurationStore] IsConfigured: True
[2023-05-13 04:13:00Z INFO ConfigurationManager] Is configured: True
[2023-05-13 04:13:00Z INFO Runner] Could not parse the argument value '' for StartupType. Defaulting to Manual
[2023-05-13 04:13:00Z INFO Runner] Set runner startup type - Manual
[2023-05-13 04:13:00Z INFO CommandSettings] Flag 'once': 'False'
[2023-05-13 04:13:00Z INFO CommandSettings] Flag 'once': 'False'
[2023-05-13 04:13:00Z INFO Runner] RunAsync
[2023-05-13 04:13:00Z INFO ConfigurationManager] LoadSettings
[2023-05-13 04:13:00Z INFO ConfigurationStore] IsConfigured()
[2023-05-13 04:13:00Z INFO ConfigurationStore] IsConfigured: True
[2023-05-13 04:13:00Z INFO ConfigurationManager] Is configured: True
[2023-05-13 04:13:00Z INFO ConfigurationManager] Settings Loaded
[2023-05-13 04:13:00Z INFO MessageListener] {
  "AgentId": 22,
  "AgentName": "WILHAS-SYSTEM-J",
  "PoolId": 1,
  "PoolName": "Default",
  "ServerUrl": "https://pipelines.actions.githubusercontent.com/ZRiBEleJ6CwRHXw0bEOnBzrscqxqgIh9q0d3bHVYurN0WhpWI6",
  "GitHubUrl": "https://github.com/wilhas125/Agility_Sevice_GitHub",
  "WorkFolder": "_work"
}
[2023-05-13 04:13:00Z INFO MessageListener] Loading Credentials
[2023-05-13 04:13:00Z INFO ConfigurationStore] HasCredentials()
[2023-05-13 04:13:00Z INFO ConfigurationStore] stored True
[2023-05-13 04:13:00Z INFO CredentialManager] GetCredentialProvider
[2023-05-13 04:13:00Z INFO CredentialManager] Creating type OAuth
[2023-05-13 04:13:00Z INFO CredentialManager] Creating credential type: OAuth
[2023-05-13 04:13:00Z INFO HostContext] Well known directory 'Bin': 'R:\react-native\Agility_Service\actions-runner\bin'
[2023-05-13 04:13:00Z INFO HostContext] Well known directory 'Root': 'R:\react-native\Agility_Service\actions-runner'
[2023-05-13 04:13:00Z INFO HostContext] Well known config file 'RSACredentials': 'R:\react-native\Agility_Service\actions-runner\.credentials_rsaparams'
[2023-05-13 04:13:00Z INFO RSAEncryptedFileKeyManager] Loading RSA key parameters from file R:\react-native\Agility_Service\actions-runner\.credentials_rsaparams
[2023-05-13 04:13:00Z INFO MessageListener] Attempt to create session.
[2023-05-13 04:13:00Z INFO MessageListener] Connecting to the Runner Server...
[2023-05-13 04:13:00Z INFO RunnerServer] EstablishVssConnection
[2023-05-13 04:13:00Z INFO RunnerServer] Establish connection with 100 seconds timeout.
[2023-05-13 04:13:00Z INFO GitHubActionsService] Starting operation Location.GetConnectionData
[2023-05-13 04:13:00Z INFO RunnerServer] EstablishVssConnection
[2023-05-13 04:13:00Z INFO RunnerServer] Establish connection with 60 seconds timeout.
[2023-05-13 04:13:00Z INFO GitHubActionsService] Starting operation Location.GetConnectionData
[2023-05-13 04:13:00Z INFO RunnerServer] EstablishVssConnection
[2023-05-13 04:13:00Z INFO RunnerServer] Establish connection with 60 seconds timeout.
[2023-05-13 04:13:00Z INFO GitHubActionsService] Starting operation Location.GetConnectionData
[2023-05-13 04:13:00Z INFO GitHubActionsService] Finished operation Location.GetConnectionData
[2023-05-13 04:13:00Z INFO GitHubActionsService] Finished operation Location.GetConnectionData
[2023-05-13 04:13:00Z INFO GitHubActionsService] Finished operation Location.GetConnectionData
[2023-05-13 04:13:01Z INFO MessageListener] VssConnection created
[2023-05-13 04:13:01Z INFO Terminal] WRITE LINE: 
[2023-05-13 04:13:01Z INFO Terminal] WRITE LINE: 
[2023-05-13 04:13:01Z INFO RSAEncryptedFileKeyManager] Loading RSA key parameters from file R:\react-native\Agility_Service\actions-runner\.credentials_rsaparams
[2023-05-13 04:13:01Z INFO RSAEncryptedFileKeyManager] Loading RSA key parameters from file R:\react-native\Agility_Service\actions-runner\.credentials_rsaparams
[2023-05-13 04:13:01Z INFO GitHubActionsService] AAD Correlation ID for this token request: Unknown
[2023-05-13 04:13:02Z INFO MessageListener] Session created.
[2023-05-13 04:13:02Z INFO Terminal] WRITE LINE: Current runner version: '2.304.0'
[2023-05-13 04:13:02Z INFO Terminal] WRITE LINE: 2023-05-13 04:13:02Z: Listening for Jobs
[2023-05-13 04:13:02Z INFO JobDispatcher] Set runner/worker IPC timeout to 30 seconds.
[2023-05-13 04:13:31Z INFO RSAEncryptedFileKeyManager] Loading RSA key parameters from file R:\react-native\Agility_Service\actions-runner\.credentials_rsaparams
[2023-05-13 04:13:31Z INFO MessageListener] Message '6' received from session '3f15c6bb-d0cb-4f8c-b73a-8cfd0bf73081'.
[2023-05-13 04:13:31Z INFO Runner] Received job message of length 20795 from service, with hash '7e1ac646604689e9a8caf18ddc9178998be8b1a9f7fb066f2a928d7157126628'
[2023-05-13 04:13:31Z INFO JobDispatcher] Job request 18 for plan 71488753-d48e-480e-bffb-1dcd9fbf4941 job ca395085-040a-526b-2ce8-bdc85f692774 received.
[2023-05-13 04:13:31Z INFO JobDispatcher] Pull OrchestrationId 71488753-d48e-480e-bffb-1dcd9fbf4941.build.__default from JWT claims
[2023-05-13 04:13:31Z INFO Terminal] WRITE LINE: 2023-05-13 04:13:31Z: Running job: build
[2023-05-13 04:13:31Z INFO JobDispatcher] Start renew job request 18 for job ca395085-040a-526b-2ce8-bdc85f692774.
[2023-05-13 04:13:31Z INFO JobDispatcher] Successfully renew job request 18, job is valid till 13/05/2023 04:23:36
[2023-05-13 04:13:31Z INFO HostContext] Well known directory 'Bin': 'R:\react-native\Agility_Service\actions-runner\bin'
[2023-05-13 04:13:31Z INFO ProcessInvokerWrapper] Starting process:
[2023-05-13 04:13:31Z INFO ProcessInvokerWrapper]   File name: 'R:\react-native\Agility_Service\actions-runner\bin\Runner.Worker.exe'
[2023-05-13 04:13:31Z INFO ProcessInvokerWrapper]   Arguments: 'spawnclient 2296 1768'
[2023-05-13 04:13:31Z INFO ProcessInvokerWrapper]   Working directory: 'R:\react-native\Agility_Service\actions-runner\bin'
[2023-05-13 04:13:31Z INFO ProcessInvokerWrapper]   Require exit code zero: 'False'
[2023-05-13 04:13:31Z INFO ProcessInvokerWrapper]   Encoding web name:  ; code page: ''
[2023-05-13 04:13:31Z INFO ProcessInvokerWrapper]   Force kill process on cancellation: 'True'
[2023-05-13 04:13:31Z INFO ProcessInvokerWrapper]   Redirected STDIN: 'False'
[2023-05-13 04:13:31Z INFO ProcessInvokerWrapper]   Persist current code page: 'False'
[2023-05-13 04:13:31Z INFO ProcessInvokerWrapper]   Keep redirected STDIN open: 'False'
[2023-05-13 04:13:31Z INFO ProcessInvokerWrapper]   High priority process: 'True'
[2023-05-13 04:13:31Z INFO ProcessInvokerWrapper] Process started with process id 2872, waiting for process exit.
[2023-05-13 04:13:31Z INFO JobDispatcher] Send job request message to worker for job ca395085-040a-526b-2ce8-bdc85f692774.
[2023-05-13 04:13:31Z INFO ProcessChannel] Sending message of length 20795, with hash '7e1ac646604689e9a8caf18ddc9178998be8b1a9f7fb066f2a928d7157126628'
[2023-05-13 04:13:31Z INFO JobNotification] Entering JobStarted Notification
[2023-05-13 04:13:31Z INFO JobNotification] Entering StartMonitor
[2023-05-13 04:13:44Z INFO ProcessInvokerWrapper] STDOUT/STDERR stream read finished.
[2023-05-13 04:13:44Z INFO ProcessInvokerWrapper] STDOUT/STDERR stream read finished.
[2023-05-13 04:13:44Z INFO ProcessInvokerWrapper] Finished process 2872 with exit code 102, and elapsed time 00:00:13.2592800.
[2023-05-13 04:13:44Z INFO JobDispatcher] Worker finished for job ca395085-040a-526b-2ce8-bdc85f692774. Code: 102
[2023-05-13 04:13:44Z INFO JobDispatcher] finish job request for job ca395085-040a-526b-2ce8-bdc85f692774 with result: Failed
[2023-05-13 04:13:44Z INFO Terminal] WRITE LINE: 2023-05-13 04:13:44Z: Job build completed with result: Failed
[2023-05-13 04:13:44Z INFO JobDispatcher] Stop renew job request for job ca395085-040a-526b-2ce8-bdc85f692774.
[2023-05-13 04:13:44Z INFO JobDispatcher] job renew has been cancelled, stop renew job request 18.
[2023-05-13 04:13:44Z INFO JobNotification] Entering JobCompleted Notification
[2023-05-13 04:13:44Z INFO JobNotification] Entering EndMonitor
[2023-05-13 04:15:28Z INFO RSAEncryptedFileKeyManager] Loading RSA key parameters from file R:\react-native\Agility_Service\actions-runner\.credentials_rsaparams
[2023-05-13 04:15:28Z INFO MessageListener] Message '7' received from session '3f15c6bb-d0cb-4f8c-b73a-8cfd0bf73081'.
[2023-05-13 04:15:28Z INFO Runner] Received job message of length 20795 from service, with hash '49a504e2b6ad3a414877a4eb94c8486abf54a160b85fb1e89373d21de2e5b293'
[2023-05-13 04:15:28Z INFO JobDispatcher] Job request 19 for plan eae644db-7081-4356-b8ff-d1d41bd2d6d7 job ca395085-040a-526b-2ce8-bdc85f692774 received.
[2023-05-13 04:15:28Z INFO JobDispatcher] Pull OrchestrationId eae644db-7081-4356-b8ff-d1d41bd2d6d7.build.__default from JWT claims
[2023-05-13 04:15:28Z INFO JobDispatcher] Job request ca395085-040a-526b-2ce8-bdc85f692774 processed succeed.
[2023-05-13 04:15:28Z INFO Terminal] WRITE LINE: 2023-05-13 04:15:28Z: Running job: build
[2023-05-13 04:15:28Z INFO JobDispatcher] Start renew job request 19 for job ca395085-040a-526b-2ce8-bdc85f692774.
[2023-05-13 04:15:28Z INFO JobDispatcher] Successfully renew job request 19, job is valid till 13/05/2023 04:25:33
[2023-05-13 04:15:28Z INFO HostContext] Well known directory 'Bin': 'R:\react-native\Agility_Service\actions-runner\bin'
[2023-05-13 04:15:28Z INFO ProcessInvokerWrapper] Starting process:
[2023-05-13 04:15:28Z INFO ProcessInvokerWrapper]   File name: 'R:\react-native\Agility_Service\actions-runner\bin\Runner.Worker.exe'
[2023-05-13 04:15:28Z INFO ProcessInvokerWrapper]   Arguments: 'spawnclient 580 1660'
[2023-05-13 04:15:28Z INFO ProcessInvokerWrapper]   Working directory: 'R:\react-native\Agility_Service\actions-runner\bin'
[2023-05-13 04:15:28Z INFO ProcessInvokerWrapper]   Require exit code zero: 'False'
[2023-05-13 04:15:28Z INFO ProcessInvokerWrapper]   Encoding web name:  ; code page: ''
[2023-05-13 04:15:28Z INFO ProcessInvokerWrapper]   Force kill process on cancellation: 'True'
[2023-05-13 04:15:28Z INFO ProcessInvokerWrapper]   Redirected STDIN: 'False'
[2023-05-13 04:15:28Z INFO ProcessInvokerWrapper]   Persist current code page: 'False'
[2023-05-13 04:15:28Z INFO ProcessInvokerWrapper]   Keep redirected STDIN open: 'False'
[2023-05-13 04:15:28Z INFO ProcessInvokerWrapper]   High priority process: 'True'
[2023-05-13 04:15:28Z INFO ProcessInvokerWrapper] Process started with process id 15544, waiting for process exit.
[2023-05-13 04:15:28Z INFO JobDispatcher] Send job request message to worker for job ca395085-040a-526b-2ce8-bdc85f692774.
[2023-05-13 04:15:28Z INFO ProcessChannel] Sending message of length 20795, with hash '49a504e2b6ad3a414877a4eb94c8486abf54a160b85fb1e89373d21de2e5b293'
[2023-05-13 04:15:28Z INFO JobNotification] Entering JobStarted Notification
[2023-05-13 04:15:28Z INFO JobNotification] Entering StartMonitor
[2023-05-13 04:15:41Z INFO ProcessInvokerWrapper] STDOUT/STDERR stream read finished.
[2023-05-13 04:15:41Z INFO ProcessInvokerWrapper] STDOUT/STDERR stream read finished.
[2023-05-13 04:15:41Z INFO ProcessInvokerWrapper] Finished process 15544 with exit code 102, and elapsed time 00:00:12.7658187.
[2023-05-13 04:15:41Z INFO JobDispatcher] Worker finished for job ca395085-040a-526b-2ce8-bdc85f692774. Code: 102
[2023-05-13 04:15:41Z INFO JobDispatcher] finish job request for job ca395085-040a-526b-2ce8-bdc85f692774 with result: Failed
[2023-05-13 04:15:41Z INFO Terminal] WRITE LINE: 2023-05-13 04:15:41Z: Job build completed with result: Failed
[2023-05-13 04:15:41Z INFO JobDispatcher] Stop renew job request for job ca395085-040a-526b-2ce8-bdc85f692774.
[2023-05-13 04:15:41Z INFO JobDispatcher] job renew has been cancelled, stop renew job request 19.
[2023-05-13 04:15:41Z INFO JobNotification] Entering JobCompleted Notification
[2023-05-13 04:15:41Z INFO JobNotification] Entering EndMonitor
[2023-05-13 04:18:46Z INFO RSAEncryptedFileKeyManager] Loading RSA key parameters from file R:\react-native\Agility_Service\actions-runner\.credentials_rsaparams
[2023-05-13 04:18:46Z INFO MessageListener] Message '8' received from session '3f15c6bb-d0cb-4f8c-b73a-8cfd0bf73081'.
[2023-05-13 04:18:46Z INFO Runner] Received job message of length 20795 from service, with hash 'c9656122f5112ebb5f0ba3c36a18284cb380b3a04870968c056b8533a03cc3b9'
[2023-05-13 04:18:46Z INFO JobDispatcher] Job request 20 for plan 582e563e-43e2-4856-a044-ab6f88d8f506 job ca395085-040a-526b-2ce8-bdc85f692774 received.
[2023-05-13 04:18:46Z INFO JobDispatcher] Pull OrchestrationId 582e563e-43e2-4856-a044-ab6f88d8f506.build.__default from JWT claims
[2023-05-13 04:18:46Z INFO JobDispatcher] Job request ca395085-040a-526b-2ce8-bdc85f692774 processed succeed.
[2023-05-13 04:18:46Z INFO Terminal] WRITE LINE: 2023-05-13 04:18:46Z: Running job: build
[2023-05-13 04:18:46Z INFO JobDispatcher] Start renew job request 20 for job ca395085-040a-526b-2ce8-bdc85f692774.
[2023-05-13 04:18:46Z INFO JobDispatcher] Successfully renew job request 20, job is valid till 13/05/2023 04:28:51
[2023-05-13 04:18:46Z INFO HostContext] Well known directory 'Bin': 'R:\react-native\Agility_Service\actions-runner\bin'
[2023-05-13 04:18:46Z INFO ProcessInvokerWrapper] Starting process:
[2023-05-13 04:18:46Z INFO ProcessInvokerWrapper]   File name: 'R:\react-native\Agility_Service\actions-runner\bin\Runner.Worker.exe'
[2023-05-13 04:18:46Z INFO ProcessInvokerWrapper]   Arguments: 'spawnclient 2316 1512'
[2023-05-13 04:18:46Z INFO ProcessInvokerWrapper]   Working directory: 'R:\react-native\Agility_Service\actions-runner\bin'
[2023-05-13 04:18:46Z INFO ProcessInvokerWrapper]   Require exit code zero: 'False'
[2023-05-13 04:18:46Z INFO ProcessInvokerWrapper]   Encoding web name:  ; code page: ''
[2023-05-13 04:18:46Z INFO ProcessInvokerWrapper]   Force kill process on cancellation: 'True'
[2023-05-13 04:18:46Z INFO ProcessInvokerWrapper]   Redirected STDIN: 'False'
[2023-05-13 04:18:46Z INFO ProcessInvokerWrapper]   Persist current code page: 'False'
[2023-05-13 04:18:46Z INFO ProcessInvokerWrapper]   Keep redirected STDIN open: 'False'
[2023-05-13 04:18:46Z INFO ProcessInvokerWrapper]   High priority process: 'True'
[2023-05-13 04:18:46Z INFO ProcessInvokerWrapper] Process started with process id 8980, waiting for process exit.
[2023-05-13 04:18:46Z INFO JobDispatcher] Send job request message to worker for job ca395085-040a-526b-2ce8-bdc85f692774.
[2023-05-13 04:18:46Z INFO ProcessChannel] Sending message of length 20795, with hash 'c9656122f5112ebb5f0ba3c36a18284cb380b3a04870968c056b8533a03cc3b9'
[2023-05-13 04:18:46Z INFO JobNotification] Entering JobStarted Notification
[2023-05-13 04:18:46Z INFO JobNotification] Entering StartMonitor
[2023-05-13 04:18:59Z INFO ProcessInvokerWrapper] STDOUT/STDERR stream read finished.
[2023-05-13 04:18:59Z INFO ProcessInvokerWrapper] STDOUT/STDERR stream read finished.
[2023-05-13 04:18:59Z INFO ProcessInvokerWrapper] Finished process 8980 with exit code 102, and elapsed time 00:00:12.7505731.
[2023-05-13 04:18:59Z INFO JobDispatcher] Worker finished for job ca395085-040a-526b-2ce8-bdc85f692774. Code: 102
[2023-05-13 04:18:59Z INFO JobDispatcher] finish job request for job ca395085-040a-526b-2ce8-bdc85f692774 with result: Failed
[2023-05-13 04:18:59Z INFO Terminal] WRITE LINE: 2023-05-13 04:18:59Z: Job build completed with result: Failed
[2023-05-13 04:18:59Z INFO JobDispatcher] Stop renew job request for job ca395085-040a-526b-2ce8-bdc85f692774.
[2023-05-13 04:18:59Z INFO JobDispatcher] job renew has been cancelled, stop renew job request 20.
[2023-05-13 04:18:59Z INFO JobNotification] Entering JobCompleted Notification
[2023-05-13 04:18:59Z INFO JobNotification] Entering EndMonitor
[2023-05-13 04:22:59Z INFO RSAEncryptedFileKeyManager] Loading RSA key parameters from file R:\react-native\Agility_Service\actions-runner\.credentials_rsaparams
[2023-05-13 04:22:59Z INFO MessageListener] Message '9' received from session '3f15c6bb-d0cb-4f8c-b73a-8cfd0bf73081'.
[2023-05-13 04:22:59Z INFO Runner] Received job message of length 20788 from service, with hash '51c68ea7ba6f1922842cccdefce48f11ecda93e0a88d5eb5635aaf47796bad50'
[2023-05-13 04:22:59Z INFO JobDispatcher] Job request 21 for plan 75dac6bb-7053-41dd-9dae-c8d8f66be2e6 job ca395085-040a-526b-2ce8-bdc85f692774 received.
[2023-05-13 04:22:59Z INFO JobDispatcher] Pull OrchestrationId 75dac6bb-7053-41dd-9dae-c8d8f66be2e6.build.__default from JWT claims
[2023-05-13 04:22:59Z INFO JobDispatcher] Job request ca395085-040a-526b-2ce8-bdc85f692774 processed succeed.
[2023-05-13 04:22:59Z INFO Terminal] WRITE LINE: 2023-05-13 04:22:59Z: Running job: build
[2023-05-13 04:22:59Z INFO JobDispatcher] Start renew job request 21 for job ca395085-040a-526b-2ce8-bdc85f692774.
[2023-05-13 04:22:59Z INFO JobDispatcher] Successfully renew job request 21, job is valid till 13/05/2023 04:33:05
[2023-05-13 04:22:59Z INFO HostContext] Well known directory 'Bin': 'R:\react-native\Agility_Service\actions-runner\bin'
[2023-05-13 04:22:59Z INFO ProcessInvokerWrapper] Starting process:
[2023-05-13 04:22:59Z INFO ProcessInvokerWrapper]   File name: 'R:\react-native\Agility_Service\actions-runner\bin\Runner.Worker.exe'
[2023-05-13 04:22:59Z INFO ProcessInvokerWrapper]   Arguments: 'spawnclient 1952 1760'
[2023-05-13 04:22:59Z INFO ProcessInvokerWrapper]   Working directory: 'R:\react-native\Agility_Service\actions-runner\bin'
[2023-05-13 04:22:59Z INFO ProcessInvokerWrapper]   Require exit code zero: 'False'
[2023-05-13 04:22:59Z INFO ProcessInvokerWrapper]   Encoding web name:  ; code page: ''
[2023-05-13 04:22:59Z INFO ProcessInvokerWrapper]   Force kill process on cancellation: 'True'
[2023-05-13 04:22:59Z INFO ProcessInvokerWrapper]   Redirected STDIN: 'False'
[2023-05-13 04:22:59Z INFO ProcessInvokerWrapper]   Persist current code page: 'False'
[2023-05-13 04:22:59Z INFO ProcessInvokerWrapper]   Keep redirected STDIN open: 'False'
[2023-05-13 04:22:59Z INFO ProcessInvokerWrapper]   High priority process: 'True'
[2023-05-13 04:22:59Z INFO ProcessInvokerWrapper] Process started with process id 5144, waiting for process exit.
[2023-05-13 04:22:59Z INFO JobDispatcher] Send job request message to worker for job ca395085-040a-526b-2ce8-bdc85f692774.
[2023-05-13 04:22:59Z INFO ProcessChannel] Sending message of length 20788, with hash '51c68ea7ba6f1922842cccdefce48f11ecda93e0a88d5eb5635aaf47796bad50'
[2023-05-13 04:23:00Z INFO JobNotification] Entering JobStarted Notification
[2023-05-13 04:23:00Z INFO JobNotification] Entering StartMonitor
[2023-05-13 04:23:12Z INFO ProcessInvokerWrapper] STDOUT/STDERR stream read finished.
[2023-05-13 04:23:12Z INFO ProcessInvokerWrapper] STDOUT/STDERR stream read finished.
[2023-05-13 04:23:12Z INFO ProcessInvokerWrapper] Finished process 5144 with exit code 102, and elapsed time 00:00:12.2687319.
[2023-05-13 04:23:12Z INFO JobDispatcher] Worker finished for job ca395085-040a-526b-2ce8-bdc85f692774. Code: 102
[2023-05-13 04:23:12Z INFO JobDispatcher] finish job request for job ca395085-040a-526b-2ce8-bdc85f692774 with result: Failed
[2023-05-13 04:23:12Z INFO Terminal] WRITE LINE: 2023-05-13 04:23:12Z: Job build completed with result: Failed
[2023-05-13 04:23:12Z INFO JobDispatcher] Stop renew job request for job ca395085-040a-526b-2ce8-bdc85f692774.
[2023-05-13 04:23:12Z INFO JobDispatcher] job renew has been cancelled, stop renew job request 21.
[2023-05-13 04:23:12Z INFO JobNotification] Entering JobCompleted Notification
[2023-05-13 04:23:12Z INFO JobNotification] Entering EndMonitor
[2023-05-13 04:25:00Z INFO RSAEncryptedFileKeyManager] Loading RSA key parameters from file R:\react-native\Agility_Service\actions-runner\.credentials_rsaparams
[2023-05-13 04:25:00Z INFO MessageListener] Message '10' received from session '3f15c6bb-d0cb-4f8c-b73a-8cfd0bf73081'.
[2023-05-13 04:25:00Z INFO Runner] Received job message of length 20874 from service, with hash 'b1262bc2b0935580bbdbb4c9ffccd77aaded10088f18725deefdfa47e61cede5'
[2023-05-13 04:25:00Z INFO JobDispatcher] Job request 24 for plan 45be2e71-e27b-4dbe-af6e-5a190c8adbc8 job ca395085-040a-526b-2ce8-bdc85f692774 received.
[2023-05-13 04:25:00Z INFO JobDispatcher] Pull OrchestrationId 45be2e71-e27b-4dbe-af6e-5a190c8adbc8.build.__default from JWT claims
[2023-05-13 04:25:00Z INFO JobDispatcher] Job request ca395085-040a-526b-2ce8-bdc85f692774 processed succeed.
[2023-05-13 04:25:00Z INFO Terminal] WRITE LINE: 2023-05-13 04:25:00Z: Running job: build
[2023-05-13 04:25:00Z INFO JobDispatcher] Start renew job request 24 for job ca395085-040a-526b-2ce8-bdc85f692774.
[2023-05-13 04:25:00Z INFO JobDispatcher] Successfully renew job request 24, job is valid till 13/05/2023 04:35:06
[2023-05-13 04:25:00Z INFO HostContext] Well known directory 'Bin': 'R:\react-native\Agility_Service\actions-runner\bin'
[2023-05-13 04:25:00Z INFO ProcessInvokerWrapper] Starting process:
[2023-05-13 04:25:00Z INFO ProcessInvokerWrapper]   File name: 'R:\react-native\Agility_Service\actions-runner\bin\Runner.Worker.exe'
[2023-05-13 04:25:00Z INFO ProcessInvokerWrapper]   Arguments: 'spawnclient 1616 2408'
[2023-05-13 04:25:00Z INFO ProcessInvokerWrapper]   Working directory: 'R:\react-native\Agility_Service\actions-runner\bin'
[2023-05-13 04:25:00Z INFO ProcessInvokerWrapper]   Require exit code zero: 'False'
[2023-05-13 04:25:00Z INFO ProcessInvokerWrapper]   Encoding web name:  ; code page: ''
[2023-05-13 04:25:00Z INFO ProcessInvokerWrapper]   Force kill process on cancellation: 'True'
[2023-05-13 04:25:00Z INFO ProcessInvokerWrapper]   Redirected STDIN: 'False'
[2023-05-13 04:25:00Z INFO ProcessInvokerWrapper]   Persist current code page: 'False'
[2023-05-13 04:25:00Z INFO ProcessInvokerWrapper]   Keep redirected STDIN open: 'False'
[2023-05-13 04:25:00Z INFO ProcessInvokerWrapper]   High priority process: 'True'
[2023-05-13 04:25:00Z INFO ProcessInvokerWrapper] Process started with process id 7060, waiting for process exit.
[2023-05-13 04:25:00Z INFO JobDispatcher] Send job request message to worker for job ca395085-040a-526b-2ce8-bdc85f692774.
[2023-05-13 04:25:00Z INFO ProcessChannel] Sending message of length 20874, with hash 'b1262bc2b0935580bbdbb4c9ffccd77aaded10088f18725deefdfa47e61cede5'
[2023-05-13 04:25:01Z INFO JobNotification] Entering JobStarted Notification
[2023-05-13 04:25:01Z INFO JobNotification] Entering StartMonitor
[2023-05-13 04:25:13Z INFO ProcessInvokerWrapper] STDOUT/STDERR stream read finished.
[2023-05-13 04:25:13Z INFO ProcessInvokerWrapper] STDOUT/STDERR stream read finished.
[2023-05-13 04:25:13Z INFO ProcessInvokerWrapper] Finished process 7060 with exit code 102, and elapsed time 00:00:12.8161368.
[2023-05-13 04:25:13Z INFO JobDispatcher] Worker finished for job ca395085-040a-526b-2ce8-bdc85f692774. Code: 102
[2023-05-13 04:25:13Z INFO JobDispatcher] finish job request for job ca395085-040a-526b-2ce8-bdc85f692774 with result: Failed
[2023-05-13 04:25:13Z INFO Terminal] WRITE LINE: 2023-05-13 04:25:13Z: Job build completed with result: Failed
[2023-05-13 04:25:13Z INFO JobDispatcher] Stop renew job request for job ca395085-040a-526b-2ce8-bdc85f692774.
[2023-05-13 04:25:13Z INFO JobDispatcher] job renew has been cancelled, stop renew job request 24.
[2023-05-13 04:25:13Z INFO JobNotification] Entering JobCompleted Notification
[2023-05-13 04:25:13Z INFO JobNotification] Entering EndMonitor
[2023-05-13 04:28:37Z INFO RSAEncryptedFileKeyManager] Loading RSA key parameters from file R:\react-native\Agility_Service\actions-runner\.credentials_rsaparams
[2023-05-13 04:28:37Z INFO MessageListener] Message '11' received from session '3f15c6bb-d0cb-4f8c-b73a-8cfd0bf73081'.
[2023-05-13 04:28:37Z INFO Runner] Received job message of length 21559 from service, with hash 'e7319541e76bab9acd60a9e568efc858b5b575c0a79ce9c9f6dd427109251812'
[2023-05-13 04:28:37Z INFO JobDispatcher] Job request 25 for plan b9e0495d-615f-4016-b46d-6f36b111d885 job ca395085-040a-526b-2ce8-bdc85f692774 received.
[2023-05-13 04:28:37Z INFO JobDispatcher] Pull OrchestrationId b9e0495d-615f-4016-b46d-6f36b111d885.build.__default from JWT claims
[2023-05-13 04:28:37Z INFO JobDispatcher] Job request ca395085-040a-526b-2ce8-bdc85f692774 processed succeed.
[2023-05-13 04:28:37Z INFO Terminal] WRITE LINE: 2023-05-13 04:28:37Z: Running job: build
[2023-05-13 04:28:37Z INFO JobDispatcher] Start renew job request 25 for job ca395085-040a-526b-2ce8-bdc85f692774.
[2023-05-13 04:28:38Z INFO JobDispatcher] Successfully renew job request 25, job is valid till 13/05/2023 04:38:43
[2023-05-13 04:28:38Z INFO HostContext] Well known directory 'Bin': 'R:\react-native\Agility_Service\actions-runner\bin'
[2023-05-13 04:28:38Z INFO ProcessInvokerWrapper] Starting process:
[2023-05-13 04:28:38Z INFO ProcessInvokerWrapper]   File name: 'R:\react-native\Agility_Service\actions-runner\bin\Runner.Worker.exe'
[2023-05-13 04:28:38Z INFO ProcessInvokerWrapper]   Arguments: 'spawnclient 2288 1640'
[2023-05-13 04:28:38Z INFO ProcessInvokerWrapper]   Working directory: 'R:\react-native\Agility_Service\actions-runner\bin'
[2023-05-13 04:28:38Z INFO ProcessInvokerWrapper]   Require exit code zero: 'False'
[2023-05-13 04:28:38Z INFO ProcessInvokerWrapper]   Encoding web name:  ; code page: ''
[2023-05-13 04:28:38Z INFO ProcessInvokerWrapper]   Force kill process on cancellation: 'True'
[2023-05-13 04:28:38Z INFO ProcessInvokerWrapper]   Redirected STDIN: 'False'
[2023-05-13 04:28:38Z INFO ProcessInvokerWrapper]   Persist current code page: 'False'
[2023-05-13 04:28:38Z INFO ProcessInvokerWrapper]   Keep redirected STDIN open: 'False'
[2023-05-13 04:28:38Z INFO ProcessInvokerWrapper]   High priority process: 'True'
[2023-05-13 04:28:38Z INFO ProcessInvokerWrapper] Process started with process id 13456, waiting for process exit.
[2023-05-13 04:28:38Z INFO JobDispatcher] Send job request message to worker for job ca395085-040a-526b-2ce8-bdc85f692774.
[2023-05-13 04:28:38Z INFO ProcessChannel] Sending message of length 21559, with hash 'e7319541e76bab9acd60a9e568efc858b5b575c0a79ce9c9f6dd427109251812'
[2023-05-13 04:28:38Z INFO JobNotification] Entering JobStarted Notification
[2023-05-13 04:28:38Z INFO JobNotification] Entering StartMonitor
[2023-05-13 04:28:51Z INFO ProcessInvokerWrapper] STDOUT/STDERR stream read finished.
[2023-05-13 04:28:51Z INFO ProcessInvokerWrapper] STDOUT/STDERR stream read finished.
[2023-05-13 04:28:51Z INFO ProcessInvokerWrapper] Finished process 13456 with exit code 102, and elapsed time 00:00:12.7515908.
[2023-05-13 04:28:51Z INFO JobDispatcher] Worker finished for job ca395085-040a-526b-2ce8-bdc85f692774. Code: 102
[2023-05-13 04:28:51Z INFO JobDispatcher] finish job request for job ca395085-040a-526b-2ce8-bdc85f692774 with result: Failed
[2023-05-13 04:28:51Z INFO Terminal] WRITE LINE: 2023-05-13 04:28:51Z: Job build completed with result: Failed
[2023-05-13 04:28:51Z INFO JobDispatcher] Stop renew job request for job ca395085-040a-526b-2ce8-bdc85f692774.
[2023-05-13 04:28:51Z INFO JobDispatcher] job renew has been cancelled, stop renew job request 25.
[2023-05-13 04:28:51Z INFO JobNotification] Entering JobCompleted Notification
[2023-05-13 04:28:51Z INFO JobNotification] Entering EndMonitor
[2023-05-13 04:40:11Z INFO RSAEncryptedFileKeyManager] Loading RSA key parameters from file R:\react-native\Agility_Service\actions-runner\.credentials_rsaparams
[2023-05-13 04:40:11Z INFO MessageListener] Message '12' received from session '3f15c6bb-d0cb-4f8c-b73a-8cfd0bf73081'.
[2023-05-13 04:40:11Z INFO Runner] Received job message of length 20796 from service, with hash 'c582ed16427127517b83fc34a057144a54ff3b9d5fec04273687d4c4b6e86860'
[2023-05-13 04:40:11Z INFO JobDispatcher] Job request 27 for plan 568e6bf8-a47e-4b7c-9249-cba606c0fa7b job ca395085-040a-526b-2ce8-bdc85f692774 received.
[2023-05-13 04:40:11Z INFO JobDispatcher] Pull OrchestrationId 568e6bf8-a47e-4b7c-9249-cba606c0fa7b.build.__default from JWT claims
[2023-05-13 04:40:11Z INFO JobDispatcher] Job request ca395085-040a-526b-2ce8-bdc85f692774 processed succeed.
[2023-05-13 04:40:11Z INFO Terminal] WRITE LINE: 2023-05-13 04:40:11Z: Running job: build
[2023-05-13 04:40:11Z INFO JobDispatcher] Start renew job request 27 for job ca395085-040a-526b-2ce8-bdc85f692774.
[2023-05-13 04:40:12Z INFO JobDispatcher] Successfully renew job request 27, job is valid till 13/05/2023 04:50:17
[2023-05-13 04:40:12Z INFO HostContext] Well known directory 'Bin': 'R:\react-native\Agility_Service\actions-runner\bin'
[2023-05-13 04:40:12Z INFO ProcessInvokerWrapper] Starting process:
[2023-05-13 04:40:12Z INFO ProcessInvokerWrapper]   File name: 'R:\react-native\Agility_Service\actions-runner\bin\Runner.Worker.exe'
[2023-05-13 04:40:12Z INFO ProcessInvokerWrapper]   Arguments: 'spawnclient 1800 1636'
[2023-05-13 04:40:12Z INFO ProcessInvokerWrapper]   Working directory: 'R:\react-native\Agility_Service\actions-runner\bin'
[2023-05-13 04:40:12Z INFO ProcessInvokerWrapper]   Require exit code zero: 'False'
[2023-05-13 04:40:12Z INFO ProcessInvokerWrapper]   Encoding web name:  ; code page: ''
[2023-05-13 04:40:12Z INFO ProcessInvokerWrapper]   Force kill process on cancellation: 'True'
[2023-05-13 04:40:12Z INFO ProcessInvokerWrapper]   Redirected STDIN: 'False'
[2023-05-13 04:40:12Z INFO ProcessInvokerWrapper]   Persist current code page: 'False'
[2023-05-13 04:40:12Z INFO ProcessInvokerWrapper]   Keep redirected STDIN open: 'False'
[2023-05-13 04:40:12Z INFO ProcessInvokerWrapper]   High priority process: 'True'
[2023-05-13 04:40:12Z INFO ProcessInvokerWrapper] Process started with process id 9020, waiting for process exit.
[2023-05-13 04:40:12Z INFO JobDispatcher] Send job request message to worker for job ca395085-040a-526b-2ce8-bdc85f692774.
[2023-05-13 04:40:12Z INFO ProcessChannel] Sending message of length 20796, with hash 'c582ed16427127517b83fc34a057144a54ff3b9d5fec04273687d4c4b6e86860'
[2023-05-13 04:40:12Z INFO JobNotification] Entering JobStarted Notification
[2023-05-13 04:40:12Z INFO JobNotification] Entering StartMonitor
[2023-05-13 04:40:24Z INFO ProcessInvokerWrapper] STDOUT/STDERR stream read finished.
[2023-05-13 04:40:24Z INFO ProcessInvokerWrapper] STDOUT/STDERR stream read finished.
[2023-05-13 04:40:24Z INFO ProcessInvokerWrapper] Finished process 9020 with exit code 102, and elapsed time 00:00:12.5845111.
[2023-05-13 04:40:24Z INFO JobDispatcher] Worker finished for job ca395085-040a-526b-2ce8-bdc85f692774. Code: 102
[2023-05-13 04:40:24Z INFO JobDispatcher] finish job request for job ca395085-040a-526b-2ce8-bdc85f692774 with result: Failed
[2023-05-13 04:40:24Z INFO Terminal] WRITE LINE: 2023-05-13 04:40:24Z: Job build completed with result: Failed
[2023-05-13 04:40:24Z INFO JobDispatcher] Stop renew job request for job ca395085-040a-526b-2ce8-bdc85f692774.
[2023-05-13 04:40:24Z INFO JobDispatcher] job renew has been cancelled, stop renew job request 27.
[2023-05-13 04:40:24Z INFO JobNotification] Entering JobCompleted Notification
[2023-05-13 04:40:24Z INFO JobNotification] Entering EndMonitor
[2023-05-13 04:43:00Z INFO RSAEncryptedFileKeyManager] Loading RSA key parameters from file R:\react-native\Agility_Service\actions-runner\.credentials_rsaparams
[2023-05-13 04:43:00Z INFO MessageListener] Message '13' received from session '3f15c6bb-d0cb-4f8c-b73a-8cfd0bf73081'.
[2023-05-13 04:43:00Z INFO Runner] Received job message of length 20795 from service, with hash '4ec88b0aeaa779022517bb6ae5f171031ec33e456463dfa6a40a43e6f4aee51b'
[2023-05-13 04:43:00Z INFO JobDispatcher] Job request 29 for plan 9080532b-d4f4-4950-a54a-f2ceac2f712d job ca395085-040a-526b-2ce8-bdc85f692774 received.
[2023-05-13 04:43:00Z INFO JobDispatcher] Pull OrchestrationId 9080532b-d4f4-4950-a54a-f2ceac2f712d.build.__default from JWT claims
[2023-05-13 04:43:00Z INFO JobDispatcher] Job request ca395085-040a-526b-2ce8-bdc85f692774 processed succeed.
[2023-05-13 04:43:00Z INFO Terminal] WRITE LINE: 2023-05-13 04:43:00Z: Running job: build
[2023-05-13 04:43:00Z INFO JobDispatcher] Start renew job request 29 for job ca395085-040a-526b-2ce8-bdc85f692774.
[2023-05-13 04:43:01Z INFO JobDispatcher] Successfully renew job request 29, job is valid till 13/05/2023 04:53:06
[2023-05-13 04:43:01Z INFO HostContext] Well known directory 'Bin': 'R:\react-native\Agility_Service\actions-runner\bin'
[2023-05-13 04:43:01Z INFO ProcessInvokerWrapper] Starting process:
[2023-05-13 04:43:01Z INFO ProcessInvokerWrapper]   File name: 'R:\react-native\Agility_Service\actions-runner\bin\Runner.Worker.exe'
[2023-05-13 04:43:01Z INFO ProcessInvokerWrapper]   Arguments: 'spawnclient 2556 2568'
[2023-05-13 04:43:01Z INFO ProcessInvokerWrapper]   Working directory: 'R:\react-native\Agility_Service\actions-runner\bin'
[2023-05-13 04:43:01Z INFO ProcessInvokerWrapper]   Require exit code zero: 'False'
[2023-05-13 04:43:01Z INFO ProcessInvokerWrapper]   Encoding web name:  ; code page: ''
[2023-05-13 04:43:01Z INFO ProcessInvokerWrapper]   Force kill process on cancellation: 'True'
[2023-05-13 04:43:01Z INFO ProcessInvokerWrapper]   Redirected STDIN: 'False'
[2023-05-13 04:43:01Z INFO ProcessInvokerWrapper]   Persist current code page: 'False'
[2023-05-13 04:43:01Z INFO ProcessInvokerWrapper]   Keep redirected STDIN open: 'False'
[2023-05-13 04:43:01Z INFO ProcessInvokerWrapper]   High priority process: 'True'
[2023-05-13 04:43:01Z INFO ProcessInvokerWrapper] Process started with process id 7508, waiting for process exit.
[2023-05-13 04:43:01Z INFO JobDispatcher] Send job request message to worker for job ca395085-040a-526b-2ce8-bdc85f692774.
[2023-05-13 04:43:01Z INFO ProcessChannel] Sending message of length 20795, with hash '4ec88b0aeaa779022517bb6ae5f171031ec33e456463dfa6a40a43e6f4aee51b'
[2023-05-13 04:43:01Z INFO JobNotification] Entering JobStarted Notification
[2023-05-13 04:43:01Z INFO JobNotification] Entering StartMonitor
[2023-05-13 04:43:14Z INFO ProcessInvokerWrapper] STDOUT/STDERR stream read finished.
[2023-05-13 04:43:14Z INFO ProcessInvokerWrapper] STDOUT/STDERR stream read finished.
[2023-05-13 04:43:14Z INFO ProcessInvokerWrapper] Finished process 7508 with exit code 102, and elapsed time 00:00:13.3881262.
[2023-05-13 04:43:14Z INFO JobDispatcher] Worker finished for job ca395085-040a-526b-2ce8-bdc85f692774. Code: 102
[2023-05-13 04:43:14Z INFO JobDispatcher] finish job request for job ca395085-040a-526b-2ce8-bdc85f692774 with result: Failed
[2023-05-13 04:43:14Z INFO Terminal] WRITE LINE: 2023-05-13 04:43:14Z: Job build completed with result: Failed
[2023-05-13 04:43:14Z INFO JobDispatcher] Stop renew job request for job ca395085-040a-526b-2ce8-bdc85f692774.
[2023-05-13 04:43:14Z INFO JobDispatcher] job renew has been cancelled, stop renew job request 29.
[2023-05-13 04:43:14Z INFO JobNotification] Entering JobCompleted Notification
[2023-05-13 04:43:14Z INFO JobNotification] Entering EndMonitor
[2023-05-13 05:08:07Z INFO RSAEncryptedFileKeyManager] Loading RSA key parameters from file R:\react-native\Agility_Service\actions-runner\.credentials_rsaparams
[2023-05-13 05:08:07Z INFO GitHubActionsService] AAD Correlation ID for this token request: Unknown
[2023-05-13 05:13:08Z INFO MessageListener] No message retrieved from session '3f15c6bb-d0cb-4f8c-b73a-8cfd0bf73081' within last 30 minutes.
[2023-05-13 05:14:21Z INFO RSAEncryptedFileKeyManager] Loading RSA key parameters from file R:\react-native\Agility_Service\actions-runner\.credentials_rsaparams
[2023-05-13 05:14:21Z INFO MessageListener] Message '14' received from session '3f15c6bb-d0cb-4f8c-b73a-8cfd0bf73081'.
[2023-05-13 05:14:21Z INFO Runner] Received job message of length 21198 from service, with hash 'ffa5c9a77b9b5779d4faf4b8bdfa8ac611799482b6f394c62e7d6c5dea685aef'
[2023-05-13 05:14:21Z INFO JobDispatcher] Job request 32 for plan 386a7308-c20b-4160-be3a-f850b43f2e98 job ca395085-040a-526b-2ce8-bdc85f692774 received.
[2023-05-13 05:14:21Z INFO JobDispatcher] Pull OrchestrationId 386a7308-c20b-4160-be3a-f850b43f2e98.build.__default from JWT claims
[2023-05-13 05:14:21Z INFO JobDispatcher] Job request ca395085-040a-526b-2ce8-bdc85f692774 processed succeed.
[2023-05-13 05:14:21Z INFO Terminal] WRITE LINE: 2023-05-13 05:14:21Z: Running job: build
[2023-05-13 05:15:14Z INFO JobDispatcher] Start renew job request 32 for job ca395085-040a-526b-2ce8-bdc85f692774.
[2023-05-13 05:15:14Z INFO JobDispatcher] Successfully renew job request 32, job is valid till 13/05/2023 05:25:20
[2023-05-13 05:15:14Z INFO HostContext] Well known directory 'Bin': 'R:\react-native\Agility_Service\actions-runner\bin'
[2023-05-13 05:15:14Z INFO ProcessInvokerWrapper] Starting process:
[2023-05-13 05:15:14Z INFO ProcessInvokerWrapper]   File name: 'R:\react-native\Agility_Service\actions-runner\bin\Runner.Worker.exe'
[2023-05-13 05:15:14Z INFO ProcessInvokerWrapper]   Arguments: 'spawnclient 1356 2224'
[2023-05-13 05:15:14Z INFO ProcessInvokerWrapper]   Working directory: 'R:\react-native\Agility_Service\actions-runner\bin'
[2023-05-13 05:15:14Z INFO ProcessInvokerWrapper]   Require exit code zero: 'False'
[2023-05-13 05:15:14Z INFO ProcessInvokerWrapper]   Encoding web name:  ; code page: ''
[2023-05-13 05:15:14Z INFO ProcessInvokerWrapper]   Force kill process on cancellation: 'True'
[2023-05-13 05:15:14Z INFO ProcessInvokerWrapper]   Redirected STDIN: 'False'
[2023-05-13 05:15:14Z INFO ProcessInvokerWrapper]   Persist current code page: 'False'
[2023-05-13 05:15:14Z INFO ProcessInvokerWrapper]   Keep redirected STDIN open: 'False'
[2023-05-13 05:15:14Z INFO ProcessInvokerWrapper]   High priority process: 'True'
[2023-05-13 05:15:14Z INFO ProcessInvokerWrapper] Process started with process id 5984, waiting for process exit.
[2023-05-13 05:15:14Z INFO JobDispatcher] Send job request message to worker for job ca395085-040a-526b-2ce8-bdc85f692774.
[2023-05-13 05:15:14Z INFO ProcessChannel] Sending message of length 21198, with hash 'ffa5c9a77b9b5779d4faf4b8bdfa8ac611799482b6f394c62e7d6c5dea685aef'
[2023-05-13 05:15:15Z INFO JobNotification] Entering JobStarted Notification
[2023-05-13 05:15:15Z INFO JobNotification] Entering StartMonitor
[2023-05-13 05:15:27Z INFO ProcessInvokerWrapper] STDOUT/STDERR stream read finished.
[2023-05-13 05:15:27Z INFO ProcessInvokerWrapper] STDOUT/STDERR stream read finished.
[2023-05-13 05:15:27Z INFO ProcessInvokerWrapper] Finished process 5984 with exit code 102, and elapsed time 00:00:12.7247141.
[2023-05-13 05:15:27Z INFO JobDispatcher] Worker finished for job ca395085-040a-526b-2ce8-bdc85f692774. Code: 102
[2023-05-13 05:15:27Z INFO JobDispatcher] finish job request for job ca395085-040a-526b-2ce8-bdc85f692774 with result: Failed
[2023-05-13 05:15:27Z INFO Terminal] WRITE LINE: 2023-05-13 05:15:27Z: Job build completed with result: Failed
[2023-05-13 05:15:27Z INFO JobDispatcher] Stop renew job request for job ca395085-040a-526b-2ce8-bdc85f692774.
[2023-05-13 05:15:27Z INFO JobDispatcher] job renew has been cancelled, stop renew job request 32.
[2023-05-13 05:15:27Z INFO JobNotification] Entering JobCompleted Notification
[2023-05-13 05:15:27Z INFO JobNotification] Entering EndMonitor
[2023-05-13 05:17:52Z INFO RSAEncryptedFileKeyManager] Loading RSA key parameters from file R:\react-native\Agility_Service\actions-runner\.credentials_rsaparams
[2023-05-13 05:17:52Z INFO MessageListener] Message '15' received from session '3f15c6bb-d0cb-4f8c-b73a-8cfd0bf73081'.
[2023-05-13 05:17:52Z INFO Runner] Received job message of length 21197 from service, with hash '152f8c80f4677b9c944bfee6b8d91808df68304dfc52b68e8c15d176c3ac46d4'
[2023-05-13 05:17:52Z INFO JobDispatcher] Job request 33 for plan 2159ac38-db24-45ee-af60-e22fc3cfd512 job ca395085-040a-526b-2ce8-bdc85f692774 received.
[2023-05-13 05:17:52Z INFO JobDispatcher] Pull OrchestrationId 2159ac38-db24-45ee-af60-e22fc3cfd512.build.__default from JWT claims
[2023-05-13 05:17:52Z INFO JobDispatcher] Job request ca395085-040a-526b-2ce8-bdc85f692774 processed succeed.
[2023-05-13 05:17:52Z INFO Terminal] WRITE LINE: 2023-05-13 05:17:52Z: Running job: build
[2023-05-13 05:17:56Z INFO JobDispatcher] Start renew job request 33 for job ca395085-040a-526b-2ce8-bdc85f692774.
[2023-05-13 05:17:57Z INFO JobDispatcher] Successfully renew job request 33, job is valid till 13/05/2023 05:28:02
[2023-05-13 05:17:57Z INFO HostContext] Well known directory 'Bin': 'R:\react-native\Agility_Service\actions-runner\bin'
[2023-05-13 05:17:57Z INFO ProcessInvokerWrapper] Starting process:
[2023-05-13 05:17:57Z INFO ProcessInvokerWrapper]   File name: 'R:\react-native\Agility_Service\actions-runner\bin\Runner.Worker.exe'
[2023-05-13 05:17:57Z INFO ProcessInvokerWrapper]   Arguments: 'spawnclient 2132 2316'
[2023-05-13 05:17:57Z INFO ProcessInvokerWrapper]   Working directory: 'R:\react-native\Agility_Service\actions-runner\bin'
[2023-05-13 05:17:57Z INFO ProcessInvokerWrapper]   Require exit code zero: 'False'
[2023-05-13 05:17:57Z INFO ProcessInvokerWrapper]   Encoding web name:  ; code page: ''
[2023-05-13 05:17:57Z INFO ProcessInvokerWrapper]   Force kill process on cancellation: 'True'
[2023-05-13 05:17:57Z INFO ProcessInvokerWrapper]   Redirected STDIN: 'False'
[2023-05-13 05:17:57Z INFO ProcessInvokerWrapper]   Persist current code page: 'False'
[2023-05-13 05:17:57Z INFO ProcessInvokerWrapper]   Keep redirected STDIN open: 'False'
[2023-05-13 05:17:57Z INFO ProcessInvokerWrapper]   High priority process: 'True'
[2023-05-13 05:17:57Z INFO ProcessInvokerWrapper] Process started with process id 16852, waiting for process exit.
[2023-05-13 05:17:57Z INFO JobDispatcher] Send job request message to worker for job ca395085-040a-526b-2ce8-bdc85f692774.
[2023-05-13 05:17:57Z INFO ProcessChannel] Sending message of length 21197, with hash '152f8c80f4677b9c944bfee6b8d91808df68304dfc52b68e8c15d176c3ac46d4'
[2023-05-13 05:17:57Z INFO JobNotification] Entering JobStarted Notification
[2023-05-13 05:17:57Z INFO JobNotification] Entering StartMonitor
[2023-05-13 05:18:09Z INFO ProcessInvokerWrapper] STDOUT/STDERR stream read finished.
[2023-05-13 05:18:09Z INFO ProcessInvokerWrapper] STDOUT/STDERR stream read finished.
[2023-05-13 05:18:09Z INFO ProcessInvokerWrapper] Finished process 16852 with exit code 102, and elapsed time 00:00:12.5874981.
[2023-05-13 05:18:09Z INFO JobDispatcher] Worker finished for job ca395085-040a-526b-2ce8-bdc85f692774. Code: 102
[2023-05-13 05:18:09Z INFO JobDispatcher] finish job request for job ca395085-040a-526b-2ce8-bdc85f692774 with result: Failed
[2023-05-13 05:18:09Z INFO Terminal] WRITE LINE: 2023-05-13 05:18:09Z: Job build completed with result: Failed
[2023-05-13 05:18:09Z INFO JobDispatcher] Stop renew job request for job ca395085-040a-526b-2ce8-bdc85f692774.
[2023-05-13 05:18:09Z INFO JobDispatcher] job renew has been cancelled, stop renew job request 33.
[2023-05-13 05:18:09Z INFO JobNotification] Entering JobCompleted Notification
[2023-05-13 05:18:09Z INFO JobNotification] Entering EndMonitor
[2023-05-13 05:21:34Z INFO RSAEncryptedFileKeyManager] Loading RSA key parameters from file R:\react-native\Agility_Service\actions-runner\.credentials_rsaparams
[2023-05-13 05:21:34Z INFO MessageListener] Message '16' received from session '3f15c6bb-d0cb-4f8c-b73a-8cfd0bf73081'.
[2023-05-13 05:21:34Z INFO Runner] Received job message of length 20520 from service, with hash 'ebbac116c25edf8724a5258b9e699bf3c2cf98be6fbec7005ab6a9292999134a'
[2023-05-13 05:21:34Z INFO JobDispatcher] Job request 37 for plan bd5801f1-ff15-4db3-9c37-a8b9d1d7f854 job ca395085-040a-526b-2ce8-bdc85f692774 received.
[2023-05-13 05:21:34Z INFO JobDispatcher] Pull OrchestrationId bd5801f1-ff15-4db3-9c37-a8b9d1d7f854.build.__default from JWT claims
[2023-05-13 05:21:34Z INFO JobDispatcher] Job request ca395085-040a-526b-2ce8-bdc85f692774 processed succeed.
[2023-05-13 05:21:34Z INFO Terminal] WRITE LINE: 2023-05-13 05:21:34Z: Running job: build
[2023-05-13 05:21:34Z INFO JobDispatcher] Start renew job request 37 for job ca395085-040a-526b-2ce8-bdc85f692774.
[2023-05-13 05:21:35Z INFO JobDispatcher] Successfully renew job request 37, job is valid till 13/05/2023 05:31:40
[2023-05-13 05:21:35Z INFO HostContext] Well known directory 'Bin': 'R:\react-native\Agility_Service\actions-runner\bin'
[2023-05-13 05:21:35Z INFO ProcessInvokerWrapper] Starting process:
[2023-05-13 05:21:35Z INFO ProcessInvokerWrapper]   File name: 'R:\react-native\Agility_Service\actions-runner\bin\Runner.Worker.exe'
[2023-05-13 05:21:35Z INFO ProcessInvokerWrapper]   Arguments: 'spawnclient 2636 1740'
[2023-05-13 05:21:35Z INFO ProcessInvokerWrapper]   Working directory: 'R:\react-native\Agility_Service\actions-runner\bin'
[2023-05-13 05:21:35Z INFO ProcessInvokerWrapper]   Require exit code zero: 'False'
[2023-05-13 05:21:35Z INFO ProcessInvokerWrapper]   Encoding web name:  ; code page: ''
[2023-05-13 05:21:35Z INFO ProcessInvokerWrapper]   Force kill process on cancellation: 'True'
[2023-05-13 05:21:35Z INFO ProcessInvokerWrapper]   Redirected STDIN: 'False'
[2023-05-13 05:21:35Z INFO ProcessInvokerWrapper]   Persist current code page: 'False'
[2023-05-13 05:21:35Z INFO ProcessInvokerWrapper]   Keep redirected STDIN open: 'False'
[2023-05-13 05:21:35Z INFO ProcessInvokerWrapper]   High priority process: 'True'
[2023-05-13 05:21:35Z INFO ProcessInvokerWrapper] Process started with process id 7980, waiting for process exit.
[2023-05-13 05:21:35Z INFO JobDispatcher] Send job request message to worker for job ca395085-040a-526b-2ce8-bdc85f692774.
[2023-05-13 05:21:35Z INFO ProcessChannel] Sending message of length 20520, with hash 'ebbac116c25edf8724a5258b9e699bf3c2cf98be6fbec7005ab6a9292999134a'
[2023-05-13 05:21:35Z INFO JobNotification] Entering JobStarted Notification
[2023-05-13 05:21:35Z INFO JobNotification] Entering StartMonitor
[2023-05-13 05:21:48Z INFO ProcessInvokerWrapper] STDOUT/STDERR stream read finished.
[2023-05-13 05:21:48Z INFO ProcessInvokerWrapper] STDOUT/STDERR stream read finished.
[2023-05-13 05:21:48Z INFO ProcessInvokerWrapper] Finished process 7980 with exit code 102, and elapsed time 00:00:13.6193056.
[2023-05-13 05:21:48Z INFO JobDispatcher] Worker finished for job ca395085-040a-526b-2ce8-bdc85f692774. Code: 102
[2023-05-13 05:21:48Z INFO JobDispatcher] finish job request for job ca395085-040a-526b-2ce8-bdc85f692774 with result: Failed
[2023-05-13 05:21:48Z INFO Terminal] WRITE LINE: 2023-05-13 05:21:48Z: Job build completed with result: Failed
[2023-05-13 05:21:48Z INFO JobDispatcher] Stop renew job request for job ca395085-040a-526b-2ce8-bdc85f692774.
[2023-05-13 05:21:48Z INFO JobDispatcher] job renew has been cancelled, stop renew job request 37.
[2023-05-13 05:21:48Z INFO JobNotification] Entering JobCompleted Notification
[2023-05-13 05:21:48Z INFO JobNotification] Entering EndMonitor
[2023-05-13 05:22:41Z INFO HostContext] Runner will be shutdown for UserCancelled
[2023-05-13 05:22:41Z WARN GitHubActionsService] GET request to https://pipelines.actions.githubusercontent.com/ZRiBEleJ6CwRHXw0bEOnBzrscqxqgIh9q0d3bHVYurN0WhpWI6/_apis/distributedtask/pools/1/messages?sessionId=3f15c6bb-d0cb-4f8c-b73a-8cfd0bf73081&lastMessageId=16&status=Online&runnerVersion=2.304.0 has been cancelled.
[2023-05-13 05:22:41Z INFO MessageListener] Get next message has been cancelled.
[2023-05-13 05:22:41Z INFO JobDispatcher] Shutting down JobDispatcher. Make sure all WorkerDispatcher has finished.
[2023-05-13 05:22:41Z INFO JobDispatcher] Ensure WorkerDispather for job ca395085-040a-526b-2ce8-bdc85f692774 run to finish, cancel any running job.
[2023-05-13 05:22:41Z INFO JobDispatcher] Job request ca395085-040a-526b-2ce8-bdc85f692774 processed succeed.
[2023-05-13 05:22:41Z INFO Listener] 