[2023-05-13 02:47:17Z INFO HostContext] No proxy settings were found based on environmental variables (http_proxy/https_proxy/HTTP_PROXY/HTTPS_PROXY)
[2023-05-13 02:47:17Z INFO HostContext] Well known directory 'Bin': 'R:\react-native\Agility_Service\actions-runner\bin'
[2023-05-13 02:47:17Z INFO HostContext] Well known directory 'Root': 'R:\react-native\Agility_Service\actions-runner'
[2023-05-13 02:47:17Z INFO HostContext] Well known config file 'Credentials': 'R:\react-native\Agility_Service\actions-runner\.credentials'
[2023-05-13 02:47:17Z INFO HostContext] Well known directory 'Bin': 'R:\react-native\Agility_Service\actions-runner\bin'
[2023-05-13 02:47:17Z INFO HostContext] Well known directory 'Root': 'R:\react-native\Agility_Service\actions-runner'
[2023-05-13 02:47:17Z INFO HostContext] Well known config file 'Runner': 'R:\react-native\Agility_Service\actions-runner\.runner'
[2023-05-13 02:47:17Z INFO Listener] Runner is built for Windows (X64) - win-x64.
[2023-05-13 02:47:17Z INFO Listener] RuntimeInformation: Microsoft Windows 10.0.22623.
[2023-05-13 02:47:17Z INFO Listener] Version: 2.304.0
[2023-05-13 02:47:17Z INFO Listener] Commit: 9ef4121b5b31ee5c03b7770288213d741081f747
[2023-05-13 02:47:17Z INFO Listener] Culture: pt-BR
[2023-05-13 02:47:17Z INFO Listener] UI Culture: pt-BR
[2023-05-13 02:47:17Z INFO HostContext] Well known directory 'Bin': 'R:\react-native\Agility_Service\actions-runner\bin'
[2023-05-13 02:47:17Z INFO HostContext] Well known directory 'Root': 'R:\react-native\Agility_Service\actions-runner'
[2023-05-13 02:47:17Z INFO Listener] Validating directory permissions for: 'R:\react-native\Agility_Service\actions-runner'
[2023-05-13 02:47:17Z INFO CommandLineParser] Parse
[2023-05-13 02:47:17Z INFO CommandLineParser] Parsing 5 args
[2023-05-13 02:47:17Z INFO CommandLineParser] parsing argument
[2023-05-13 02:47:17Z INFO CommandLineParser] HasArgs: False
[2023-05-13 02:47:17Z INFO CommandLineParser] Adding Command: configure
[2023-05-13 02:47:17Z INFO CommandLineParser] parsing argument
[2023-05-13 02:47:17Z INFO CommandLineParser] HasArgs: True
[2023-05-13 02:47:17Z INFO CommandLineParser] arg: url
[2023-05-13 02:47:17Z INFO CommandLineParser] parsing argument
[2023-05-13 02:47:17Z INFO CommandLineParser] HasArgs: True
[2023-05-13 02:47:17Z INFO CommandLineParser] Adding option 'url': 'https://github.com/wilhas125/Agility_Sevice_GitHub'
[2023-05-13 02:47:17Z INFO CommandLineParser] parsing argument
[2023-05-13 02:47:17Z INFO CommandLineParser] HasArgs: True
[2023-05-13 02:47:17Z INFO CommandLineParser] arg: token
[2023-05-13 02:47:17Z INFO CommandLineParser] parsing argument
[2023-05-13 02:47:17Z INFO CommandLineParser] HasArgs: True
[2023-05-13 02:47:17Z INFO CommandLineParser] Adding option 'token': '***'
[2023-05-13 02:47:17Z INFO Listener] Arguments parsed
[2023-05-13 02:47:17Z INFO Runner] ExecuteCommand
[2023-05-13 02:47:17Z INFO ConfigurationStore] currentAssemblyLocation: R:\react-native\Agility_Service\actions-runner\bin\Runner.Listener.dll
[2023-05-13 02:47:17Z INFO HostContext] Well known directory 'Bin': 'R:\react-native\Agility_Service\actions-runner\bin'
[2023-05-13 02:47:17Z INFO ConfigurationStore] binPath: R:\react-native\Agility_Service\actions-runner\bin
[2023-05-13 02:47:17Z INFO HostContext] Well known directory 'Bin': 'R:\react-native\Agility_Service\actions-runner\bin'
[2023-05-13 02:47:17Z INFO HostContext] Well known directory 'Root': 'R:\react-native\Agility_Service\actions-runner'
[2023-05-13 02:47:17Z INFO ConfigurationStore] RootFolder: R:\react-native\Agility_Service\actions-runner
[2023-05-13 02:47:17Z INFO HostContext] Well known directory 'Bin': 'R:\react-native\Agility_Service\actions-runner\bin'
[2023-05-13 02:47:17Z INFO HostContext] Well known directory 'Root': 'R:\react-native\Agility_Service\actions-runner'
[2023-05-13 02:47:17Z INFO HostContext] Well known config file 'Runner': 'R:\react-native\Agility_Service\actions-runner\.runner'
[2023-05-13 02:47:17Z INFO ConfigurationStore] ConfigFilePath: R:\react-native\Agility_Service\actions-runner\.runner
[2023-05-13 02:47:17Z INFO HostContext] Well known directory 'Bin': 'R:\react-native\Agility_Service\actions-runner\bin'
[2023-05-13 02:47:17Z INFO HostContext] Well known directory 'Root': 'R:\react-native\Agility_Service\actions-runner'
[2023-05-13 02:47:17Z INFO HostContext] Well known config file 'Credentials': 'R:\react-native\Agility_Service\actions-runner\.credentials'
[2023-05-13 02:47:17Z INFO ConfigurationStore] CredFilePath: R:\react-native\Agility_Service\actions-runner\.credentials
[2023-05-13 02:47:17Z INFO HostContext] Well known directory 'Bin': 'R:\react-native\Agility_Service\actions-runner\bin'
[2023-05-13 02:47:17Z INFO HostContext] Well known directory 'Root': 'R:\react-native\Agility_Service\actions-runner'
[2023-05-13 02:47:17Z INFO HostContext] Well known config file 'MigratedCredentials': 'R:\react-native\Agility_Service\actions-runner\.credentials_migrated'
[2023-05-13 02:47:17Z INFO ConfigurationStore] MigratedCredFilePath: R:\react-native\Agility_Service\actions-runner\.credentials_migrated
[2023-05-13 02:47:17Z INFO HostContext] Well known directory 'Bin': 'R:\react-native\Agility_Service\actions-runner\bin'
[2023-05-13 02:47:17Z INFO HostContext] Well known directory 'Root': 'R:\react-native\Agility_Service\actions-runner'
[2023-05-13 02:47:17Z INFO HostContext] Well known config file 'Service': 'R:\react-native\Agility_Service\actions-runner\.service'
[2023-05-13 02:47:17Z INFO ConfigurationStore] ServiceConfigFilePath: R:\react-native\Agility_Service\actions-runner\.service
[2023-05-13 02:47:17Z INFO CommandSettings] Flag 'help': 'False'
[2023-05-13 02:47:17Z INFO CommandSettings] Flag 'version': 'False'
[2023-05-13 02:47:17Z INFO CommandSettings] Flag 'commit': 'False'
[2023-05-13 02:47:17Z INFO CommandSettings] Flag 'check': 'False'
[2023-05-13 02:47:17Z INFO CommandSettings] Command 'configure': 'True'
[2023-05-13 02:47:17Z INFO Terminal] WRITE LINE: 
[2023-05-13 02:47:17Z INFO Terminal] WRITE LINE: --------------------------------------------------------------------------------
[2023-05-13 02:47:17Z INFO Terminal] WRITE LINE: |        ____ _ _   _   _       _          _        _   _                      |
[2023-05-13 02:47:17Z INFO Terminal] WRITE LINE: |       / ___(_) |_| | | |_   _| |__      / \   ___| |_(_) ___  _ __  ___      |
[2023-05-13 02:47:17Z INFO Terminal] WRITE LINE: |      | |  _| | __| |_| | | | | '_ \    / _ \ / __| __| |/ _ \| '_ \/ __|     |
[2023-05-13 02:47:17Z INFO Terminal] WRITE LINE: |      | |_| | | |_|  _  | |_| | |_) |  / ___ \ (__| |_| | (_) | | | \__ \     |
[2023-05-13 02:47:17Z INFO Terminal] WRITE LINE: |       \____|_|\__|_| |_|\__,_|_.__/  /_/   \_\___|\__|_|\___/|_| |_|___/     |
[2023-05-13 02:47:17Z INFO Terminal] WRITE LINE: |                                                                              |
[2023-05-13 02:47:17Z INFO Terminal] WRITE: |                       
[2023-05-13 02:47:17Z INFO Terminal] WRITE: Self-hosted runner registration
[2023-05-13 02:47:17Z INFO Terminal] WRITE LINE:                         |
[2023-05-13 02:47:17Z INFO Terminal] WRITE LINE: |                                                                              |
[2023-05-13 02:47:17Z INFO Terminal] WRITE LINE: --------------------------------------------------------------------------------
[2023-05-13 02:47:17Z INFO ConfigurationManager] ConfigureAsync
[2023-05-13 02:47:17Z INFO CommandSettings] Flag 'generateServiceConfig': 'False'
[2023-05-13 02:47:17Z INFO ConfigurationStore] IsConfigured()
[2023-05-13 02:47:17Z INFO ConfigurationStore] IsConfigured: False
[2023-05-13 02:47:17Z INFO ConfigurationManager] Is configured: False
[2023-05-13 02:47:17Z INFO CommandSettings] Arg 'url': 'https://github.com/wilhas125/Agility_Sevice_GitHub'
[2023-05-13 02:47:17Z INFO CommandSettings] Remove url from Arg dictionary.
[2023-05-13 02:47:17Z INFO CommandSettings] Arg 'token': '***'
[2023-05-13 02:47:17Z INFO CommandSettings] Remove token from Arg dictionary.
[2023-05-13 02:47:18Z INFO ConfigurationManager] Http response code: OK from 'POST https://api.github.com/actions/runner-registration' (C81C:52DE:12F80E1:1432CB5:645EFA3B)
[2023-05-13 02:47:18Z INFO Terminal] WRITE LINE: Using V2 flow: False
[2023-05-13 02:47:18Z INFO ConfigurationManager] cred retrieved via GitHub auth
[2023-05-13 02:47:18Z INFO RunnerServer] EstablishVssConnection
[2023-05-13 02:47:18Z INFO RunnerServer] Establish connection with 100 seconds timeout.
[2023-05-13 02:47:18Z INFO GitHubActionsService] Starting operation Location.GetConnectionData
[2023-05-13 02:47:18Z INFO RunnerServer] EstablishVssConnection
[2023-05-13 02:47:18Z INFO RunnerServer] Establish connection with 60 seconds timeout.
[2023-05-13 02:47:18Z INFO GitHubActionsService] Starting operation Location.GetConnectionData
[2023-05-13 02:47:18Z INFO RunnerServer] EstablishVssConnection
[2023-05-13 02:47:18Z INFO RunnerServer] Establish connection with 60 seconds timeout.
[2023-05-13 02:47:18Z INFO GitHubActionsService] Starting operation Location.GetConnectionData
[2023-05-13 02:47:19Z INFO GitHubActionsService] Finished operation Location.GetConnectionData
[2023-05-13 02:47:19Z INFO GitHubActionsService] Finished operation Location.GetConnectionData
[2023-05-13 02:47:19Z INFO GitHubActionsService] Finished operation Location.GetConnectionData
[2023-05-13 02:47:20Z INFO Terminal] WRITE LINE: 
[2023-05-13 02:47:20Z INFO ConfigurationManager] Test Connection complete.
[2023-05-13 02:47:20Z INFO HostContext] Well known directory 'Bin': 'R:\react-native\Agility_Service\actions-runner\bin'
[2023-05-13 02:47:20Z INFO HostContext] Well known directory 'Root': 'R:\react-native\Agility_Service\actions-runner'
[2023-05-13 02:47:20Z INFO HostContext] Well known config file 'RSACredentials': 'R:\react-native\Agility_Service\actions-runner\.credentials_rsaparams'
[2023-05-13 02:47:20Z INFO RSAEncryptedFileKeyManager] Creating new RSA key using 2048-bit key length
[2023-05-13 02:47:20Z INFO RSAEncryptedFileKeyManager] Successfully saved RSA key parameters to file R:\react-native\Agility_Service\actions-runner\.credentials_rsaparams
[2023-05-13 02:47:20Z INFO CommandSettings] Arg 'runnergroup': ''
[2023-05-13 02:47:20Z INFO CommandSettings] Flag 'unattended': 'False'
[2023-05-13 02:47:20Z INFO PromptManager] ReadValue
[2023-05-13 02:47:20Z INFO Terminal] WRITE: Enter the name of the runner group to add this runner to: 
[2023-05-13 02:47:20Z INFO Terminal] WRITE: [press Enter for Default] 
[2023-05-13 02:47:20Z INFO Terminal] READ LINE
[2023-05-13 02:47:29Z INFO Terminal] Read value: ''
[2023-05-13 02:47:29Z INFO PromptManager] Falling back to the default: 'Default'
[2023-05-13 02:47:29Z INFO Terminal] WRITE LINE: 
[2023-05-13 02:47:29Z INFO ConfigurationManager] Found a self-hosted runner group with id 1 and name Default
[2023-05-13 02:47:29Z INFO CommandSettings] Flag 'disableupdate': 'False'
[2023-05-13 02:47:29Z INFO CommandSettings] Flag 'ephemeral': 'False'
[2023-05-13 02:47:29Z INFO CommandSettings] Arg 'name': ''
[2023-05-13 02:47:29Z INFO CommandSettings] Flag 'unattended': 'False'
[2023-05-13 02:47:29Z INFO PromptManager] ReadValue
[2023-05-13 02:47:29Z INFO Terminal] WRITE: Enter the name of runner: 
[2023-05-13 02:47:29Z INFO Terminal] WRITE: [press Enter for WILHAS-SYSTEM-J] 
[2023-05-13 02:47:29Z INFO Terminal] READ LINE
[2023-05-13 02:47:40Z INFO Terminal] Read value: ''
[2023-05-13 02:47:40Z INFO PromptManager] Falling back to the default: 'WILHAS-SYSTEM-J'
[2023-05-13 02:47:40Z INFO Terminal] WRITE LINE: 
[2023-05-13 02:47:40Z INFO CommandSettings] Arg 'labels': ''
[2023-05-13 02:47:40Z INFO CommandSettings] Flag 'unattended': 'False'
[2023-05-13 02:47:40Z INFO PromptManager] ReadValue
[2023-05-13 02:47:40Z INFO Terminal] WRITE: This runner will have the following labels: 'self-hosted', 'Windows', 'X64' 
Enter any additional labels (ex. label-1,label-2): 
[2023-05-13 02:47:40Z INFO Terminal] WRITE: [press Enter to skip] 
[2023-05-13 02:47:40Z INFO Terminal] READ LINE
[2023-05-13 02:47:46Z INFO Terminal] Read value: ''
[2023-05-13 02:47:46Z INFO Terminal] WRITE LINE: 
[2023-05-13 02:47:46Z INFO CommandSettings] Flag 'disableupdate': 'False'
[2023-05-13 02:47:47Z INFO CommandSettings] Flag 'disableupdate': 'False'
[2023-05-13 02:47:47Z INFO CommandSettings] Flag 'ephemeral': 'False'
[2023-05-13 02:47:47Z INFO ConfigurationStore] Saving OAuth credential @ R:\react-native\Agility_Service\actions-runner\.credentials
[2023-05-13 02:47:47Z INFO ConfigurationStore] Credentials Saved.
[2023-05-13 02:47:47Z INFO ConfigurationStore] HasCredentials()
[2023-05-13 02:47:47Z INFO ConfigurationStore] stored True
[2023-05-13 02:47:47Z INFO CredentialManager] GetCredentialProvider
[2023-05-13 02:47:47Z INFO CredentialManager] Creating type OAuth
[2023-05-13 02:47:47Z INFO CredentialManager] Creating credential type: OAuth
[2023-05-13 02:47:47Z INFO RSAEncryptedFileKeyManager] Loading RSA key parameters from file R:\react-native\Agility_Service\actions-runner\.credentials_rsaparams
[2023-05-13 02:47:47Z INFO RunnerServer] EstablishVssConnection
[2023-05-13 02:47:47Z INFO RunnerServer] Establish connection with 100 seconds timeout.
[2023-05-13 02:47:47Z INFO GitHubActionsService] Starting operation Location.GetConnectionData
[2023-05-13 02:47:47Z INFO RunnerServer] EstablishVssConnection
[2023-05-13 02:47:47Z INFO RunnerServer] Establish connection with 60 seconds timeout.
[2023-05-13 02:47:47Z INFO GitHubActionsService] Starting operation Location.GetConnectionData
[2023-05-13 02:47:47Z INFO RunnerServer] EstablishVssConnection
[2023-05-13 02:47:47Z INFO RunnerServer] Establish connection with 60 seconds timeout.
[2023-05-13 02:47:47Z INFO GitHubActionsService] Starting operation Location.GetConnectionData
[2023-05-13 02:47:47Z INFO GitHubActionsService] Finished operation Location.GetConnectionData
[2023-05-13 02:47:48Z INFO GitHubActionsService] Finished operation Location.GetConnectionData
[2023-05-13 02:47:48Z INFO GitHubActionsService] Finished operation Location.GetConnectionData
[2023-05-13 02:47:48Z INFO RSAEncryptedFileKeyManager] Loading RSA key parameters from file R:\react-native\Agility_Service\actions-runner\.credentials_rsaparams
[2023-05-13 02:47:48Z INFO RSAEncryptedFileKeyManager] Loading RSA key parameters from file R:\react-native\Agility_Service\actions-runner\.credentials_rsaparams
[2023-05-13 02:47:48Z INFO GitHubActionsService] AAD Correlation ID for this token request: Unknown
[2023-05-13 02:47:49Z INFO CommandSettings] Arg 'work': ''
[2023-05-13 02:47:49Z INFO CommandSettings] Flag 'unattended': 'False'
[2023-05-13 02:47:49Z INFO PromptManager] ReadValue
[2023-05-13 02:47:49Z INFO Terminal] WRITE: Enter name of work folder: 
[2023-05-13 02:47:49Z INFO Terminal] WRITE: [press Enter for _work] 
[2023-05-13 02:47:49Z INFO Terminal] READ LINE
[2023-05-13 02:47:51Z INFO Terminal] Read value: ''
[2023-05-13 02:47:51Z INFO PromptManager] Falling back to the default: '_work'
[2023-05-13 02:47:51Z INFO ConfigurationStore] Saving runner settings.
[2023-05-13 02:47:51Z INFO ConfigurationStore] Settings Saved.
[2023-05-13 02:47:51Z INFO Terminal] WRITE LINE: 
[2023-05-13 02:47:51Z INFO Terminal] WRITE LINE: 
[2023-05-13 02:47:51Z INFO CommandSettings] Flag 'runasservice': 'False'
[2023-05-13 02:47:51Z INFO CommandSettings] Flag 'unattended': 'False'
[2023-05-13 02:47:51Z INFO PromptManager] ReadValue
[2023-05-13 02:47:51Z INFO Terminal] WRITE: Would you like to run the runner as service? (Y/N) 
[2023-05-13 02:47:51Z INFO Terminal] WRITE: [press Enter for N] 
[2023-05-13 02:47:51Z INFO Terminal] READ LINE
[2023-05-13 02:47:54Z INFO Terminal] Read value: 'y'
[2023-05-13 02:47:54Z INFO ConfigurationManager] Configuring to run the agent as service
[2023-05-13 02:47:54Z ERR  WindowsServiceControlManager] Needs Administrator privileges for configure runner as windows service.
[2023-05-13 02:47:54Z ERR  Runner] System.Security.SecurityException: Needs Administrator privileges for configuring runner as windows service.
   at GitHub.Runner.Listener.Configuration.WindowsServiceControlManager.ConfigureService(RunnerSettings settings, CommandSettings command)
   at GitHub.Runner.Listener.Configuration.ConfigurationManager.ConfigureAsync(CommandSettings command)
   at GitHub.Runner.Listener.Runner.ExecuteCommand(CommandSettings command)
[2023-05-13 02:47:54Z ERR  Terminal] WRITE ERROR: Needs Administrator privileges for configuring runner as windows service.
[2023-05-13 02:47:54Z INFO Listener] Runner execution has finished with return code 1
