[2023-05-13 03:21:02Z INFO HostContext] No proxy settings were found based on environmental variables (http_proxy/https_proxy/HTTP_PROXY/HTTPS_PROXY)
[2023-05-13 03:21:02Z INFO HostContext] Well known directory 'Bin': 'R:\react-native\Agility_Service\actions-runner\bin'
[2023-05-13 03:21:02Z INFO HostContext] Well known directory 'Root': 'R:\react-native\Agility_Service\actions-runner'
[2023-05-13 03:21:02Z INFO HostContext] Well known config file 'Credentials': 'R:\react-native\Agility_Service\actions-runner\.credentials'
[2023-05-13 03:21:02Z INFO HostContext] Well known directory 'Bin': 'R:\react-native\Agility_Service\actions-runner\bin'
[2023-05-13 03:21:02Z INFO HostContext] Well known directory 'Root': 'R:\react-native\Agility_Service\actions-runner'
[2023-05-13 03:21:02Z INFO HostContext] Well known config file 'Runner': 'R:\react-native\Agility_Service\actions-runner\.runner'
[2023-05-13 03:21:02Z INFO Listener] Runner is built for Windows (X64) - win-x64.
[2023-05-13 03:21:02Z INFO Listener] RuntimeInformation: Microsoft Windows 10.0.22623.
[2023-05-13 03:21:02Z INFO Listener] Version: 2.304.0
[2023-05-13 03:21:02Z INFO Listener] Commit: 9ef4121b5b31ee5c03b7770288213d741081f747
[2023-05-13 03:21:02Z INFO Listener] Culture: pt-BR
[2023-05-13 03:21:02Z INFO Listener] UI Culture: pt-BR
[2023-05-13 03:21:02Z INFO HostContext] Well known directory 'Bin': 'R:\react-native\Agility_Service\actions-runner\bin'
[2023-05-13 03:21:02Z INFO HostContext] Well known directory 'Root': 'R:\react-native\Agility_Service\actions-runner'
[2023-05-13 03:21:02Z INFO Listener] Validating directory permissions for: 'R:\react-native\Agility_Service\actions-runner'
[2023-05-13 03:21:02Z INFO CommandLineParser] Parse
[2023-05-13 03:21:02Z INFO CommandLineParser] Parsing 1 args
[2023-05-13 03:21:02Z INFO CommandLineParser] parsing argument
[2023-05-13 03:21:02Z INFO CommandLineParser] HasArgs: False
[2023-05-13 03:21:02Z INFO CommandLineParser] Adding Command: run
[2023-05-13 03:21:02Z INFO Listener] Arguments parsed
[2023-05-13 03:21:02Z INFO Runner] ExecuteCommand
[2023-05-13 03:21:02Z INFO ConfigurationStore] currentAssemblyLocation: R:\react-native\Agility_Service\actions-runner\bin\Runner.Listener.dll
[2023-05-13 03:21:02Z INFO HostContext] Well known directory 'Bin': 'R:\react-native\Agility_Service\actions-runner\bin'
[2023-05-13 03:21:02Z INFO ConfigurationStore] binPath: R:\react-native\Agility_Service\actions-runner\bin
[2023-05-13 03:21:02Z INFO HostContext] Well known directory 'Bin': 'R:\react-native\Agility_Service\actions-runner\bin'
[2023-05-13 03:21:02Z INFO HostContext] Well known directory 'Root': 'R:\react-native\Agility_Service\actions-runner'
[2023-05-13 03:21:02Z INFO ConfigurationStore] RootFolder: R:\react-native\Agility_Service\actions-runner
[2023-05-13 03:21:02Z INFO HostContext] Well known directory 'Bin': 'R:\react-native\Agility_Service\actions-runner\bin'
[2023-05-13 03:21:02Z INFO HostContext] Well known directory 'Root': 'R:\react-native\Agility_Service\actions-runner'
[2023-05-13 03:21:02Z INFO HostContext] Well known config file 'Runner': 'R:\react-native\Agility_Service\actions-runner\.runner'
[2023-05-13 03:21:02Z INFO ConfigurationStore] ConfigFilePath: R:\react-native\Agility_Service\actions-runner\.runner
[2023-05-13 03:21:02Z INFO HostContext] Well known directory 'Bin': 'R:\react-native\Agility_Service\actions-runner\bin'
[2023-05-13 03:21:02Z INFO HostContext] Well known directory 'Root': 'R:\react-native\Agility_Service\actions-runner'
[2023-05-13 03:21:02Z INFO HostContext] Well known config file 'Credentials': 'R:\react-native\Agility_Service\actions-runner\.credentials'
[2023-05-13 03:21:02Z INFO ConfigurationStore] CredFilePath: R:\react-native\Agility_Service\actions-runner\.credentials
[2023-05-13 03:21:02Z INFO HostContext] Well known directory 'Bin': 'R:\react-native\Agility_Service\actions-runner\bin'
[2023-05-13 03:21:02Z INFO HostContext] Well known directory 'Root': 'R:\react-native\Agility_Service\actions-runner'
[2023-05-13 03:21:02Z INFO HostContext] Well known config file 'MigratedCredentials': 'R:\react-native\Agility_Service\actions-runner\.credentials_migrated'
[2023-05-13 03:21:02Z INFO ConfigurationStore] MigratedCredFilePath: R:\react-native\Agility_Service\actions-runner\.credentials_migrated
[2023-05-13 03:21:02Z INFO HostContext] Well known directory 'Bin': 'R:\react-native\Agility_Service\actions-runner\bin'
[2023-05-13 03:21:02Z INFO HostContext] Well known directory 'Root': 'R:\react-native\Agility_Service\actions-runner'
[2023-05-13 03:21:02Z INFO HostContext] Well known config file 'Service': 'R:\react-native\Agility_Service\actions-runner\.service'
[2023-05-13 03:21:02Z INFO ConfigurationStore] ServiceConfigFilePath: R:\react-native\Agility_Service\actions-runner\.service
[2023-05-13 03:21:02Z INFO CommandSettings] Flag 'help': 'False'
[2023-05-13 03:21:02Z INFO CommandSettings] Flag 'version': 'False'
[2023-05-13 03:21:02Z INFO CommandSettings] Flag 'commit': 'False'
[2023-05-13 03:21:02Z INFO CommandSettings] Flag 'check': 'False'
[2023-05-13 03:21:02Z INFO CommandSettings] Command 'configure': 'False'
[2023-05-13 03:21:02Z INFO CommandSettings] Command 'remove': 'False'
[2023-05-13 03:21:02Z INFO CommandSettings] Command 'warmup': 'False'
[2023-05-13 03:21:02Z INFO ConfigurationManager] LoadSettings
[2023-05-13 03:21:02Z INFO ConfigurationStore] IsConfigured()
[2023-05-13 03:21:02Z INFO ConfigurationStore] IsConfigured: True
[2023-05-13 03:21:02Z INFO ConfigurationManager] Is configured: True
[2023-05-13 03:21:02Z INFO ConfigurationStore] Read setting file: 312 chars
[2023-05-13 03:21:02Z INFO ConfigurationManager] Settings Loaded
[2023-05-13 03:21:02Z INFO ConfigurationStore] IsServiceConfigured()
[2023-05-13 03:21:02Z INFO ConfigurationStore] IsServiceConfigured: False
[2023-05-13 03:21:02Z INFO CommandSettings] Command 'run': 'True'
[2023-05-13 03:21:02Z INFO ConfigurationStore] IsConfigured()
[2023-05-13 03:21:02Z INFO ConfigurationStore] IsConfigured: True
[2023-05-13 03:21:02Z INFO ConfigurationManager] Is configured: True
[2023-05-13 03:21:02Z INFO Runner] Could not parse the argument value '' for StartupType. Defaulting to Manual
[2023-05-13 03:21:02Z INFO Runner] Set runner startup type - Manual
[2023-05-13 03:21:02Z INFO CommandSettings] Flag 'once': 'False'
[2023-05-13 03:21:02Z INFO CommandSettings] Flag 'once': 'False'
[2023-05-13 03:21:02Z INFO Runner] RunAsync
[2023-05-13 03:21:02Z INFO ConfigurationManager] LoadSettings
[2023-05-13 03:21:02Z INFO ConfigurationStore] IsConfigured()
[2023-05-13 03:21:02Z INFO ConfigurationStore] IsConfigured: True
[2023-05-13 03:21:02Z INFO ConfigurationManager] Is configured: True
[2023-05-13 03:21:02Z INFO ConfigurationManager] Settings Loaded
[2023-05-13 03:21:02Z INFO MessageListener] {
  "AgentId": 22,
  "AgentName": "WILHAS-SYSTEM-J",
  "PoolId": 1,
  "PoolName": "Default",
  "ServerUrl": "https://pipelines.actions.githubusercontent.com/ZRiBEleJ6CwRHXw0bEOnBzrscqxqgIh9q0d3bHVYurN0WhpWI6",
  "GitHubUrl": "https://github.com/wilhas125/Agility_Sevice_GitHub",
  "WorkFolder": "_work"
}
[2023-05-13 03:21:02Z INFO MessageListener] Loading Credentials
[2023-05-13 03:21:02Z INFO ConfigurationStore] HasCredentials()
[2023-05-13 03:21:02Z INFO ConfigurationStore] stored True
[2023-05-13 03:21:02Z INFO CredentialManager] GetCredentialProvider
[2023-05-13 03:21:02Z INFO CredentialManager] Creating type OAuth
[2023-05-13 03:21:02Z INFO CredentialManager] Creating credential type: OAuth
[2023-05-13 03:21:02Z INFO HostContext] Well known directory 'Bin': 'R:\react-native\Agility_Service\actions-runner\bin'
[2023-05-13 03:21:02Z INFO HostContext] Well known directory 'Root': 'R:\react-native\Agility_Service\actions-runner'
[2023-05-13 03:21:02Z INFO HostContext] Well known config file 'RSACredentials': 'R:\react-native\Agility_Service\actions-runner\.credentials_rsaparams'
[2023-05-13 03:21:02Z INFO RSAEncryptedFileKeyManager] Loading RSA key parameters from file R:\react-native\Agility_Service\actions-runner\.credentials_rsaparams
[2023-05-13 03:21:02Z INFO MessageListener] Attempt to create session.
[2023-05-13 03:21:02Z INFO MessageListener] Connecting to the Runner Server...
[2023-05-13 03:21:02Z INFO RunnerServer] EstablishVssConnection
[2023-05-13 03:21:02Z INFO RunnerServer] Establish connection with 100 seconds timeout.
[2023-05-13 03:21:02Z INFO GitHubActionsService] Starting operation Location.GetConnectionData
[2023-05-13 03:21:02Z INFO RunnerServer] EstablishVssConnection
[2023-05-13 03:21:02Z INFO RunnerServer] Establish connection with 60 seconds timeout.
[2023-05-13 03:21:02Z INFO GitHubActionsService] Starting operation Location.GetConnectionData
[2023-05-13 03:21:02Z INFO RunnerServer] EstablishVssConnection
[2023-05-13 03:21:02Z INFO RunnerServer] Establish connection with 60 seconds timeout.
[2023-05-13 03:21:02Z INFO GitHubActionsService] Starting operation Location.GetConnectionData
[2023-05-13 03:21:03Z INFO GitHubActionsService] Finished operation Location.GetConnectionData
[2023-05-13 03:21:03Z INFO GitHubActionsService] Finished operation Location.GetConnectionData
[2023-05-13 03:21:03Z INFO GitHubActionsService] Finished operation Location.GetConnectionData
[2023-05-13 03:21:03Z INFO MessageListener] VssConnection created
[2023-05-13 03:21:03Z INFO Terminal] WRITE LINE: 
[2023-05-13 03:21:03Z INFO Terminal] WRITE LINE: 
[2023-05-13 03:21:03Z INFO RSAEncryptedFileKeyManager] Loading RSA key parameters from file R:\react-native\Agility_Service\actions-runner\.credentials_rsaparams
[2023-05-13 03:21:03Z INFO RSAEncryptedFileKeyManager] Loading RSA key parameters from file R:\react-native\Agility_Service\actions-runner\.credentials_rsaparams
[2023-05-13 03:21:03Z INFO GitHubActionsService] AAD Correlation ID for this token request: Unknown
[2023-05-13 03:21:04Z INFO MessageListener] Session created.
[2023-05-13 03:21:04Z INFO Terminal] WRITE LINE: Current runner version: '2.304.0'
[2023-05-13 03:21:04Z INFO Terminal] WRITE LINE: 2023-05-13 03:21:04Z: Listening for Jobs
[2023-05-13 03:21:04Z INFO JobDispatcher] Set runner/worker IPC timeout to 30 seconds.
[2023-05-13 03:27:31Z INFO RSAEncryptedFileKeyManager] Loading RSA key parameters from file R:\react-native\Agility_Service\actions-runner\.credentials_rsaparams
[2023-05-13 03:27:31Z INFO MessageListener] Message '1' received from session '8eb1bda9-5990-485e-b9c3-7168f5636070'.
[2023-05-13 03:27:31Z INFO Runner] Received job message of length 20857 from service, with hash '43125239d9021e0c27d103b7a092846360ae5aff64ff569302c554db3953a9ef'
[2023-05-13 03:27:31Z INFO JobDispatcher] Job request 9 for plan f0fc9e4f-afeb-4bcb-a72d-3c79a9db7847 job ca395085-040a-526b-2ce8-bdc85f692774 received.
[2023-05-13 03:27:31Z INFO JobDispatcher] Pull OrchestrationId f0fc9e4f-afeb-4bcb-a72d-3c79a9db7847.build.__default from JWT claims
[2023-05-13 03:27:31Z INFO Terminal] WRITE LINE: 2023-05-13 03:27:31Z: Running job: build
[2023-05-13 03:27:31Z INFO JobDispatcher] Start renew job request 9 for job ca395085-040a-526b-2ce8-bdc85f692774.
[2023-05-13 03:27:31Z INFO JobDispatcher] Successfully renew job request 9, job is valid till 13/05/2023 03:37:37
[2023-05-13 03:27:31Z INFO HostContext] Well known directory 'Bin': 'R:\react-native\Agility_Service\actions-runner\bin'
[2023-05-13 03:27:31Z INFO ProcessInvokerWrapper] Starting process:
[2023-05-13 03:27:31Z INFO ProcessInvokerWrapper]   File name: 'R:\react-native\Agility_Service\actions-runner\bin\Runner.Worker.exe'
[2023-05-13 03:27:31Z INFO ProcessInvokerWrapper]   Arguments: 'spawnclient 2220 2204'
[2023-05-13 03:27:31Z INFO ProcessInvokerWrapper]   Working directory: 'R:\react-native\Agility_Service\actions-runner\bin'
[2023-05-13 03:27:31Z INFO ProcessInvokerWrapper]   Require exit code zero: 'False'
[2023-05-13 03:27:31Z INFO ProcessInvokerWrapper]   Encoding web name:  ; code page: ''
[2023-05-13 03:27:31Z INFO ProcessInvokerWrapper]   Force kill process on cancellation: 'True'
[2023-05-13 03:27:31Z INFO ProcessInvokerWrapper]   Redirected STDIN: 'False'
[2023-05-13 03:27:31Z INFO ProcessInvokerWrapper]   Persist current code page: 'False'
[2023-05-13 03:27:31Z INFO ProcessInvokerWrapper]   Keep redirected STDIN open: 'False'
[2023-05-13 03:27:31Z INFO ProcessInvokerWrapper]   High priority process: 'True'
[2023-05-13 03:27:31Z INFO ProcessInvokerWrapper] Process started with process id 8404, waiting for process exit.
[2023-05-13 03:27:31Z INFO JobDispatcher] Send job request message to worker for job ca395085-040a-526b-2ce8-bdc85f692774.
[2023-05-13 03:27:31Z INFO ProcessChannel] Sending message of length 20857, with hash '43125239d9021e0c27d103b7a092846360ae5aff64ff569302c554db3953a9ef'
[2023-05-13 03:27:32Z INFO JobNotification] Entering JobStarted Notification
[2023-05-13 03:27:32Z INFO JobNotification] Entering StartMonitor
[2023-05-13 03:27:49Z INFO ProcessInvokerWrapper] STDOUT/STDERR stream read finished.
[2023-05-13 03:27:49Z INFO ProcessInvokerWrapper] STDOUT/STDERR stream read finished.
[2023-05-13 03:27:49Z INFO ProcessInvokerWrapper] Finished process 8404 with exit code 102, and elapsed time 00:00:17.6296549.
[2023-05-13 03:27:49Z INFO JobDispatcher] Worker finished for job ca395085-040a-526b-2ce8-bdc85f692774. Code: 102
[2023-05-13 03:27:49Z INFO JobDispatcher] finish job request for job ca395085-040a-526b-2ce8-bdc85f692774 with result: Failed
[2023-05-13 03:27:49Z INFO Terminal] WRITE LINE: 2023-05-13 03:27:49Z: Job build completed with result: Failed
[2023-05-13 03:27:49Z INFO JobDispatcher] Stop renew job request for job ca395085-040a-526b-2ce8-bdc85f692774.
[2023-05-13 03:27:49Z INFO JobDispatcher] job renew has been cancelled, stop renew job request 9.
[2023-05-13 03:27:49Z INFO JobNotification] Entering JobCompleted Notification
[2023-05-13 03:27:49Z INFO JobNotification] Entering EndMonitor
[2023-05-13 03:30:06Z INFO Terminal] WRITE LINE: Exiting...
[2023-05-13 03:30:06Z INFO ConfigurationStore] IsServiceConfigured()
[2023-05-13 03:30:06Z INFO ConfigurationStore] IsServiceConfigured: False
[2023-05-13 03:30:06Z INFO HostContext] Runner will be shutdown for UserCancelled
[2023-05-13 03:30:06Z WARN GitHubActionsService] GET request to https://pipelines.actions.githubusercontent.com/ZRiBEleJ6CwRHXw0bEOnBzrscqxqgIh9q0d3bHVYurN0WhpWI6/_apis/distributedtask/pools/1/messages?sessionId=8eb1bda9-5990-485e-b9c3-7168f5636070&lastMessageId=1&status=Online&runnerVersion=2.304.0 has been cancelled.
[2023-05-13 03:30:06Z INFO MessageListener] Get next message has been cancelled.
[2023-05-13 03:30:06Z INFO JobDispatcher] Shutting down JobDispatcher. Make sure all WorkerDispatcher has finished.
[2023-05-13 03:30:06Z INFO JobDispatcher] Ensure WorkerDispather for job ca395085-040a-526b-2ce8-bdc85f692774 run to finish, cancel any running job.
[2023-05-13 03:30:06Z INFO JobDispatcher] Job request ca395085-040a-526b-2ce8-bdc85f692774 processed succeed.
[2023-05-13 03:30:06Z INFO Listener] Runner execution been cancelled.
