[2023-05-13 13:31:29Z INFO HostContext] No proxy settings were found based on environmental variables (http_proxy/https_proxy/HTTP_PROXY/HTTPS_PROXY)
[2023-05-13 13:31:29Z INFO HostContext] Well known directory 'Bin': 'R:\react-native\Agility_Service\actions-runner\bin'
[2023-05-13 13:31:29Z INFO HostContext] Well known directory 'Root': 'R:\react-native\Agility_Service\actions-runner'
[2023-05-13 13:31:29Z INFO HostContext] Well known config file 'Credentials': 'R:\react-native\Agility_Service\actions-runner\.credentials'
[2023-05-13 13:31:30Z INFO HostContext] Well known directory 'Bin': 'R:\react-native\Agility_Service\actions-runner\bin'
[2023-05-13 13:31:30Z INFO HostContext] Well known directory 'Root': 'R:\react-native\Agility_Service\actions-runner'
[2023-05-13 13:31:30Z INFO HostContext] Well known config file 'Runner': 'R:\react-native\Agility_Service\actions-runner\.runner'
[2023-05-13 13:31:30Z INFO Listener] Runner is built for Windows (X64) - win-x64.
[2023-05-13 13:31:30Z INFO Listener] RuntimeInformation: Microsoft Windows 10.0.22623.
[2023-05-13 13:31:30Z INFO Listener] Version: 2.304.0
[2023-05-13 13:31:30Z INFO Listener] Commit: 9ef4121b5b31ee5c03b7770288213d741081f747
[2023-05-13 13:31:30Z INFO Listener] Culture: pt-BR
[2023-05-13 13:31:30Z INFO Listener] UI Culture: pt-BR
[2023-05-13 13:31:30Z INFO HostContext] Well known directory 'Bin': 'R:\react-native\Agility_Service\actions-runner\bin'
[2023-05-13 13:31:30Z INFO HostContext] Well known directory 'Root': 'R:\react-native\Agility_Service\actions-runner'
[2023-05-13 13:31:30Z INFO Listener] Validating directory permissions for: 'R:\react-native\Agility_Service\actions-runner'
[2023-05-13 13:31:30Z INFO CommandLineParser] Parse
[2023-05-13 13:31:30Z INFO CommandLineParser] Parsing 5 args
[2023-05-13 13:31:30Z INFO CommandLineParser] parsing argument
[2023-05-13 13:31:30Z INFO CommandLineParser] HasArgs: False
[2023-05-13 13:31:30Z INFO CommandLineParser] Adding Command: configure
[2023-05-13 13:31:30Z INFO CommandLineParser] parsing argument
[2023-05-13 13:31:30Z INFO CommandLineParser] HasArgs: True
[2023-05-13 13:31:30Z INFO CommandLineParser] arg: url
[2023-05-13 13:31:30Z INFO CommandLineParser] parsing argument
[2023-05-13 13:31:30Z INFO CommandLineParser] HasArgs: True
[2023-05-13 13:31:30Z INFO CommandLineParser] Adding option 'url': 'https://github.com/wilhas125/Agility_Sevice_GitHub'
[2023-05-13 13:31:30Z INFO CommandLineParser] parsing argument
[2023-05-13 13:31:30Z INFO CommandLineParser] HasArgs: True
[2023-05-13 13:31:30Z INFO CommandLineParser] arg: token
[2023-05-13 13:31:30Z INFO CommandLineParser] parsing argument
[2023-05-13 13:31:30Z INFO CommandLineParser] HasArgs: True
[2023-05-13 13:31:30Z INFO CommandLineParser] Adding option 'token': '***'
[2023-05-13 13:31:30Z INFO Listener] Arguments parsed
[2023-05-13 13:31:31Z INFO Runner] ExecuteCommand
[2023-05-13 13:31:31Z INFO ConfigurationStore] currentAssemblyLocation: R:\react-native\Agility_Service\actions-runner\bin\Runner.Listener.dll
[2023-05-13 13:31:31Z INFO HostContext] Well known directory 'Bin': 'R:\react-native\Agility_Service\actions-runner\bin'
[2023-05-13 13:31:31Z INFO ConfigurationStore] binPath: R:\react-native\Agility_Service\actions-runner\bin
[2023-05-13 13:31:31Z INFO HostContext] Well known directory 'Bin': 'R:\react-native\Agility_Service\actions-runner\bin'
[2023-05-13 13:31:31Z INFO HostContext] Well known directory 'Root': 'R:\react-native\Agility_Service\actions-runner'
[2023-05-13 13:31:31Z INFO ConfigurationStore] RootFolder: R:\react-native\Agility_Service\actions-runner
[2023-05-13 13:31:31Z INFO HostContext] Well known directory 'Bin': 'R:\react-native\Agility_Service\actions-runner\bin'
[2023-05-13 13:31:31Z INFO HostContext] Well known directory 'Root': 'R:\react-native\Agility_Service\actions-runner'
[2023-05-13 13:31:31Z INFO HostContext] Well known config file 'Runner': 'R:\react-native\Agility_Service\actions-runner\.runner'
[2023-05-13 13:31:31Z INFO ConfigurationStore] ConfigFilePath: R:\react-native\Agility_Service\actions-runner\.runner
[2023-05-13 13:31:31Z INFO HostContext] Well known directory 'Bin': 'R:\react-native\Agility_Service\actions-runner\bin'
[2023-05-13 13:31:31Z INFO HostContext] Well known directory 'Root': 'R:\react-native\Agility_Service\actions-runner'
[2023-05-13 13:31:31Z INFO HostContext] Well known config file 'Credentials': 'R:\react-native\Agility_Service\actions-runner\.credentials'
[2023-05-13 13:31:31Z INFO ConfigurationStore] CredFilePath: R:\react-native\Agility_Service\actions-runner\.credentials
[2023-05-13 13:31:31Z INFO HostContext] Well known directory 'Bin': 'R:\react-native\Agility_Service\actions-runner\bin'
[2023-05-13 13:31:31Z INFO HostContext] Well known directory 'Root': 'R:\react-native\Agility_Service\actions-runner'
[2023-05-13 13:31:31Z INFO HostContext] Well known config file 'MigratedCredentials': 'R:\react-native\Agility_Service\actions-runner\.credentials_migrated'
[2023-05-13 13:31:31Z INFO ConfigurationStore] MigratedCredFilePath: R:\react-native\Agility_Service\actions-runner\.credentials_migrated
[2023-05-13 13:31:31Z INFO HostContext] Well known directory 'Bin': 'R:\react-native\Agility_Service\actions-runner\bin'
[2023-05-13 13:31:31Z INFO HostContext] Well known directory 'Root': 'R:\react-native\Agility_Service\actions-runner'
[2023-05-13 13:31:31Z INFO HostContext] Well known config file 'Service': 'R:\react-native\Agility_Service\actions-runner\.service'
[2023-05-13 13:31:31Z INFO ConfigurationStore] ServiceConfigFilePath: R:\react-native\Agility_Service\actions-runner\.service
[2023-05-13 13:31:31Z INFO CommandSettings] Flag 'help': 'False'
[2023-05-13 13:31:31Z INFO CommandSettings] Flag 'version': 'False'
[2023-05-13 13:31:31Z INFO CommandSettings] Flag 'commit': 'False'
[2023-05-13 13:31:31Z INFO CommandSettings] Flag 'check': 'False'
[2023-05-13 13:31:31Z INFO CommandSettings] Command 'configure': 'True'
[2023-05-13 13:31:31Z INFO Terminal] WRITE LINE: 
[2023-05-13 13:31:31Z INFO Terminal] WRITE LINE: --------------------------------------------------------------------------------
[2023-05-13 13:31:31Z INFO Terminal] WRITE LINE: |        ____ _ _   _   _       _          _        _   _                      |
[2023-05-13 13:31:31Z INFO Terminal] WRITE LINE: |       / ___(_) |_| | | |_   _| |__      / \   ___| |_(_) ___  _ __  ___      |
[2023-05-13 13:31:31Z INFO Terminal] WRITE LINE: |      | |  _| | __| |_| | | | | '_ \    / _ \ / __| __| |/ _ \| '_ \/ __|     |
[2023-05-13 13:31:31Z INFO Terminal] WRITE LINE: |      | |_| | | |_|  _  | |_| | |_) |  / ___ \ (__| |_| | (_) | | | \__ \     |
[2023-05-13 13:31:31Z INFO Terminal] WRITE LINE: |       \____|_|\__|_| |_|\__,_|_.__/  /_/   \_\___|\__|_|\___/|_| |_|___/     |
[2023-05-13 13:31:31Z INFO Terminal] WRITE LINE: |                                                                              |
[2023-05-13 13:31:31Z INFO Terminal] WRITE: |                       
[2023-05-13 13:31:31Z INFO Terminal] WRITE: Self-hosted runner registration
[2023-05-13 13:31:31Z INFO Terminal] WRITE LINE:                         |
[2023-05-13 13:31:31Z INFO Terminal] WRITE LINE: |                                                                              |
[2023-05-13 13:31:31Z INFO Terminal] WRITE LINE: --------------------------------------------------------------------------------
[2023-05-13 13:31:31Z INFO ConfigurationManager] ConfigureAsync
[2023-05-13 13:31:31Z INFO CommandSettings] Flag 'generateServiceConfig': 'False'
[2023-05-13 13:31:31Z INFO ConfigurationStore] IsConfigured()
[2023-05-13 13:31:31Z INFO ConfigurationStore] IsConfigured: True
[2023-05-13 13:31:31Z INFO ConfigurationManager] Is configured: True
[2023-05-13 13:31:31Z ERR  Runner] System.InvalidOperationException: Cannot configure the runner because it is already configured. To reconfigure the runner, run 'config.cmd remove' or './config.sh remove' first.
   at GitHub.Runner.Listener.Configuration.ConfigurationManager.ConfigureAsync(CommandSettings command)
   at GitHub.Runner.Listener.Runner.ExecuteCommand(CommandSettings command)
[2023-05-13 13:31:31Z ERR  Terminal] WRITE ERROR: Cannot configure the runner because it is already configured. To reconfigure the runner, run 'config.cmd remove' or './config.sh remove' first.
[2023-05-13 13:31:31Z INFO Listener] Runner execution has finished with return code 1
