[2023-05-13 03:31:31Z INFO HostContext] No proxy settings were found based on environmental variables (http_proxy/https_proxy/HTTP_PROXY/HTTPS_PROXY)
[2023-05-13 03:31:31Z INFO HostContext] Well known directory 'Bin': 'R:\react-native\Agility_Service\actions-runner\bin'
[2023-05-13 03:31:31Z INFO HostContext] Well known directory 'Root': 'R:\react-native\Agility_Service\actions-runner'
[2023-05-13 03:31:31Z INFO HostContext] Well known config file 'Credentials': 'R:\react-native\Agility_Service\actions-runner\.credentials'
[2023-05-13 03:31:31Z INFO HostContext] Well known directory 'Bin': 'R:\react-native\Agility_Service\actions-runner\bin'
[2023-05-13 03:31:31Z INFO HostContext] Well known directory 'Root': 'R:\react-native\Agility_Service\actions-runner'
[2023-05-13 03:31:31Z INFO HostContext] Well known config file 'Runner': 'R:\react-native\Agility_Service\actions-runner\.runner'
[2023-05-13 03:31:31Z INFO Listener] Runner is built for Windows (X64) - win-x64.
[2023-05-13 03:31:31Z INFO Listener] RuntimeInformation: Microsoft Windows 10.0.22623.
[2023-05-13 03:31:31Z INFO Listener] Version: 2.304.0
[2023-05-13 03:31:31Z INFO Listener] Commit: 9ef4121b5b31ee5c03b7770288213d741081f747
[2023-05-13 03:31:31Z INFO Listener] Culture: pt-BR
[2023-05-13 03:31:31Z INFO Listener] UI Culture: pt-BR
[2023-05-13 03:31:31Z INFO HostContext] Well known directory 'Bin': 'R:\react-native\Agility_Service\actions-runner\bin'
[2023-05-13 03:31:31Z INFO HostContext] Well known directory 'Root': 'R:\react-native\Agility_Service\actions-runner'
[2023-05-13 03:31:31Z INFO Listener] Validating directory permissions for: 'R:\react-native\Agility_Service\actions-runner'
[2023-05-13 03:31:31Z INFO CommandLineParser] Parse
[2023-05-13 03:31:31Z INFO CommandLineParser] Parsing 1 args
[2023-05-13 03:31:31Z INFO CommandLineParser] parsing argument
[2023-05-13 03:31:31Z INFO CommandLineParser] HasArgs: False
[2023-05-13 03:31:31Z INFO CommandLineParser] Adding Command: run
[2023-05-13 03:31:31Z INFO Listener] Arguments parsed
[2023-05-13 03:31:31Z INFO Runner] ExecuteCommand
[2023-05-13 03:31:31Z INFO ConfigurationStore] currentAssemblyLocation: R:\react-native\Agility_Service\actions-runner\bin\Runner.Listener.dll
[2023-05-13 03:31:31Z INFO HostContext] Well known directory 'Bin': 'R:\react-native\Agility_Service\actions-runner\bin'
[2023-05-13 03:31:31Z INFO ConfigurationStore] binPath: R:\react-native\Agility_Service\actions-runner\bin
[2023-05-13 03:31:31Z INFO HostContext] Well known directory 'Bin': 'R:\react-native\Agility_Service\actions-runner\bin'
[2023-05-13 03:31:31Z INFO HostContext] Well known directory 'Root': 'R:\react-native\Agility_Service\actions-runner'
[2023-05-13 03:31:31Z INFO ConfigurationStore] RootFolder: R:\react-native\Agility_Service\actions-runner
[2023-05-13 03:31:31Z INFO HostContext] Well known directory 'Bin': 'R:\react-native\Agility_Service\actions-runner\bin'
[2023-05-13 03:31:31Z INFO HostContext] Well known directory 'Root': 'R:\react-native\Agility_Service\actions-runner'
[2023-05-13 03:31:31Z INFO HostContext] Well known config file 'Runner': 'R:\react-native\Agility_Service\actions-runner\.runner'
[2023-05-13 03:31:31Z INFO ConfigurationStore] ConfigFilePath: R:\react-native\Agility_Service\actions-runner\.runner
[2023-05-13 03:31:31Z INFO HostContext] Well known directory 'Bin': 'R:\react-native\Agility_Service\actions-runner\bin'
[2023-05-13 03:31:31Z INFO HostContext] Well known directory 'Root': 'R:\react-native\Agility_Service\actions-runner'
[2023-05-13 03:31:31Z INFO HostContext] Well known config file 'Credentials': 'R:\react-native\Agility_Service\actions-runner\.credentials'
[2023-05-13 03:31:31Z INFO ConfigurationStore] CredFilePath: R:\react-native\Agility_Service\actions-runner\.credentials
[2023-05-13 03:31:31Z INFO HostContext] Well known directory 'Bin': 'R:\react-native\Agility_Service\actions-runner\bin'
[2023-05-13 03:31:31Z INFO HostContext] Well known directory 'Root': 'R:\react-native\Agility_Service\actions-runner'
[2023-05-13 03:31:31Z INFO HostContext] Well known config file 'MigratedCredentials': 'R:\react-native\Agility_Service\actions-runner\.credentials_migrated'
[2023-05-13 03:31:31Z INFO ConfigurationStore] MigratedCredFilePath: R:\react-native\Agility_Service\actions-runner\.credentials_migrated
[2023-05-13 03:31:31Z INFO HostContext] Well known directory 'Bin': 'R:\react-native\Agility_Service\actions-runner\bin'
[2023-05-13 03:31:31Z INFO HostContext] Well known directory 'Root': 'R:\react-native\Agility_Service\actions-runner'
[2023-05-13 03:31:31Z INFO HostContext] Well known config file 'Service': 'R:\react-native\Agility_Service\actions-runner\.service'
[2023-05-13 03:31:31Z INFO ConfigurationStore] ServiceConfigFilePath: R:\react-native\Agility_Service\actions-runner\.service
[2023-05-13 03:31:31Z INFO CommandSettings] Flag 'help': 'False'
[2023-05-13 03:31:31Z INFO CommandSettings] Flag 'version': 'False'
[2023-05-13 03:31:31Z INFO CommandSettings] Flag 'commit': 'False'
[2023-05-13 03:31:31Z INFO CommandSettings] Flag 'check': 'False'
[2023-05-13 03:31:31Z INFO CommandSettings] Command 'configure': 'False'
[2023-05-13 03:31:31Z INFO CommandSettings] Command 'remove': 'False'
[2023-05-13 03:31:31Z INFO CommandSettings] Command 'warmup': 'False'
[2023-05-13 03:31:31Z INFO ConfigurationManager] LoadSettings
[2023-05-13 03:31:31Z INFO ConfigurationStore] IsConfigured()
[2023-05-13 03:31:31Z INFO ConfigurationStore] IsConfigured: True
[2023-05-13 03:31:31Z INFO ConfigurationManager] Is configured: True
[2023-05-13 03:31:31Z INFO ConfigurationStore] Read setting file: 312 chars
[2023-05-13 03:31:31Z INFO ConfigurationManager] Settings Loaded
[2023-05-13 03:31:31Z INFO ConfigurationStore] IsServiceConfigured()
[2023-05-13 03:31:31Z INFO ConfigurationStore] IsServiceConfigured: False
[2023-05-13 03:31:31Z INFO CommandSettings] Command 'run': 'True'
[2023-05-13 03:31:31Z INFO ConfigurationStore] IsConfigured()
[2023-05-13 03:31:31Z INFO ConfigurationStore] IsConfigured: True
[2023-05-13 03:31:31Z INFO ConfigurationManager] Is configured: True
[2023-05-13 03:31:31Z INFO Runner] Could not parse the argument value '' for StartupType. Defaulting to Manual
[2023-05-13 03:31:31Z INFO Runner] Set runner startup type - Manual
[2023-05-13 03:31:31Z INFO CommandSettings] Flag 'once': 'False'
[2023-05-13 03:31:31Z INFO CommandSettings] Flag 'once': 'False'
[2023-05-13 03:31:31Z INFO Runner] RunAsync
[2023-05-13 03:31:31Z INFO ConfigurationManager] LoadSettings
[2023-05-13 03:31:31Z INFO ConfigurationStore] IsConfigured()
[2023-05-13 03:31:31Z INFO ConfigurationStore] IsConfigured: True
[2023-05-13 03:31:31Z INFO ConfigurationManager] Is configured: True
[2023-05-13 03:31:31Z INFO ConfigurationManager] Settings Loaded
[2023-05-13 03:31:31Z INFO MessageListener] {
  "AgentId": 22,
  "AgentName": "WILHAS-SYSTEM-J",
  "PoolId": 1,
  "PoolName": "Default",
  "ServerUrl": "https://pipelines.actions.githubusercontent.com/ZRiBEleJ6CwRHXw0bEOnBzrscqxqgIh9q0d3bHVYurN0WhpWI6",
  "GitHubUrl": "https://github.com/wilhas125/Agility_Sevice_GitHub",
  "WorkFolder": "_work"
}
[2023-05-13 03:31:31Z INFO MessageListener] Loading Credentials
[2023-05-13 03:31:31Z INFO ConfigurationStore] HasCredentials()
[2023-05-13 03:31:31Z INFO ConfigurationStore] stored True
[2023-05-13 03:31:31Z INFO CredentialManager] GetCredentialProvider
[2023-05-13 03:31:31Z INFO CredentialManager] Creating type OAuth
[2023-05-13 03:31:31Z INFO CredentialManager] Creating credential type: OAuth
[2023-05-13 03:31:31Z INFO HostContext] Well known directory 'Bin': 'R:\react-native\Agility_Service\actions-runner\bin'
[2023-05-13 03:31:31Z INFO HostContext] Well known directory 'Root': 'R:\react-native\Agility_Service\actions-runner'
[2023-05-13 03:31:31Z INFO HostContext] Well known config file 'RSACredentials': 'R:\react-native\Agility_Service\actions-runner\.credentials_rsaparams'
[2023-05-13 03:31:31Z INFO RSAEncryptedFileKeyManager] Loading RSA key parameters from file R:\react-native\Agility_Service\actions-runner\.credentials_rsaparams
[2023-05-13 03:31:31Z INFO MessageListener] Attempt to create session.
[2023-05-13 03:31:31Z INFO MessageListener] Connecting to the Runner Server...
[2023-05-13 03:31:31Z INFO RunnerServer] EstablishVssConnection
[2023-05-13 03:31:31Z INFO RunnerServer] Establish connection with 100 seconds timeout.
[2023-05-13 03:31:31Z INFO GitHubActionsService] Starting operation Location.GetConnectionData
[2023-05-13 03:31:31Z INFO RunnerServer] EstablishVssConnection
[2023-05-13 03:31:31Z INFO RunnerServer] Establish connection with 60 seconds timeout.
[2023-05-13 03:31:31Z INFO GitHubActionsService] Starting operation Location.GetConnectionData
[2023-05-13 03:31:31Z INFO RunnerServer] EstablishVssConnection
[2023-05-13 03:31:31Z INFO RunnerServer] Establish connection with 60 seconds timeout.
[2023-05-13 03:31:31Z INFO GitHubActionsService] Starting operation Location.GetConnectionData
[2023-05-13 03:31:32Z INFO GitHubActionsService] Finished operation Location.GetConnectionData
[2023-05-13 03:31:32Z INFO GitHubActionsService] Finished operation Location.GetConnectionData
[2023-05-13 03:31:32Z INFO GitHubActionsService] Finished operation Location.GetConnectionData
[2023-05-13 03:31:32Z INFO MessageListener] VssConnection created
[2023-05-13 03:31:32Z INFO Terminal] WRITE LINE: 
[2023-05-13 03:31:32Z INFO Terminal] WRITE LINE: 
[2023-05-13 03:31:32Z INFO RSAEncryptedFileKeyManager] Loading RSA key parameters from file R:\react-native\Agility_Service\actions-runner\.credentials_rsaparams
[2023-05-13 03:31:32Z INFO RSAEncryptedFileKeyManager] Loading RSA key parameters from file R:\react-native\Agility_Service\actions-runner\.credentials_rsaparams
[2023-05-13 03:31:33Z INFO GitHubActionsService] AAD Correlation ID for this token request: Unknown
[2023-05-13 03:31:33Z INFO MessageListener] Session created.
[2023-05-13 03:31:33Z INFO Terminal] WRITE LINE: Current runner version: '2.304.0'
[2023-05-13 03:31:33Z INFO Terminal] WRITE LINE: 2023-05-13 03:31:33Z: Listening for Jobs
[2023-05-13 03:31:33Z INFO JobDispatcher] Set runner/worker IPC timeout to 30 seconds.
[2023-05-13 03:31:55Z INFO RSAEncryptedFileKeyManager] Loading RSA key parameters from file R:\react-native\Agility_Service\actions-runner\.credentials_rsaparams
[2023-05-13 03:31:55Z INFO MessageListener] Message '2' received from session 'ba80d5d7-f892-482e-a1e5-188ecf693097'.
[2023-05-13 03:31:55Z INFO Runner] Received job message of length 20868 from service, with hash '03c77750210b56338e46f58282810cb06fac4a49fb00aed4c4b73bda2322eb3d'
[2023-05-13 03:31:55Z INFO JobDispatcher] Job request 11 for plan a56496c4-3d42-4557-96f7-9814cf7f3dfd job ca395085-040a-526b-2ce8-bdc85f692774 received.
[2023-05-13 03:31:55Z INFO JobDispatcher] Pull OrchestrationId a56496c4-3d42-4557-96f7-9814cf7f3dfd.build.__default from JWT claims
[2023-05-13 03:31:55Z INFO Terminal] WRITE LINE: 2023-05-13 03:31:55Z: Running job: build
[2023-05-13 03:31:55Z INFO JobDispatcher] Start renew job request 11 for job ca395085-040a-526b-2ce8-bdc85f692774.
[2023-05-13 03:31:55Z INFO JobDispatcher] Successfully renew job request 11, job is valid till 13/05/2023 03:42:00
[2023-05-13 03:31:55Z INFO HostContext] Well known directory 'Bin': 'R:\react-native\Agility_Service\actions-runner\bin'
[2023-05-13 03:31:55Z INFO ProcessInvokerWrapper] Starting process:
[2023-05-13 03:31:55Z INFO ProcessInvokerWrapper]   File name: 'R:\react-native\Agility_Service\actions-runner\bin\Runner.Worker.exe'
[2023-05-13 03:31:55Z INFO ProcessInvokerWrapper]   Arguments: 'spawnclient 2240 2244'
[2023-05-13 03:31:55Z INFO ProcessInvokerWrapper]   Working directory: 'R:\react-native\Agility_Service\actions-runner\bin'
[2023-05-13 03:31:55Z INFO ProcessInvokerWrapper]   Require exit code zero: 'False'
[2023-05-13 03:31:55Z INFO ProcessInvokerWrapper]   Encoding web name:  ; code page: ''
[2023-05-13 03:31:55Z INFO ProcessInvokerWrapper]   Force kill process on cancellation: 'True'
[2023-05-13 03:31:55Z INFO ProcessInvokerWrapper]   Redirected STDIN: 'False'
[2023-05-13 03:31:55Z INFO ProcessInvokerWrapper]   Persist current code page: 'False'
[2023-05-13 03:31:55Z INFO ProcessInvokerWrapper]   Keep redirected STDIN open: 'False'
[2023-05-13 03:31:55Z INFO ProcessInvokerWrapper]   High priority process: 'True'
[2023-05-13 03:31:55Z INFO ProcessInvokerWrapper] Process started with process id 5216, waiting for process exit.
[2023-05-13 03:31:55Z INFO JobDispatcher] Send job request message to worker for job ca395085-040a-526b-2ce8-bdc85f692774.
[2023-05-13 03:31:55Z INFO ProcessChannel] Sending message of length 20868, with hash '03c77750210b56338e46f58282810cb06fac4a49fb00aed4c4b73bda2322eb3d'
[2023-05-13 03:31:55Z INFO JobNotification] Entering JobStarted Notification
[2023-05-13 03:31:55Z INFO JobNotification] Entering StartMonitor
[2023-05-13 03:32:10Z INFO ProcessInvokerWrapper] STDOUT/STDERR stream read finished.
[2023-05-13 03:32:10Z INFO ProcessInvokerWrapper] STDOUT/STDERR stream read finished.
[2023-05-13 03:32:10Z INFO ProcessInvokerWrapper] Finished process 5216 with exit code 102, and elapsed time 00:00:14.7263232.
[2023-05-13 03:32:10Z INFO JobDispatcher] Worker finished for job ca395085-040a-526b-2ce8-bdc85f692774. Code: 102
[2023-05-13 03:32:10Z INFO JobDispatcher] finish job request for job ca395085-040a-526b-2ce8-bdc85f692774 with result: Failed
[2023-05-13 03:32:10Z INFO Terminal] WRITE LINE: 2023-05-13 03:32:10Z: Job build completed with result: Failed
[2023-05-13 03:32:10Z INFO JobDispatcher] Stop renew job request for job ca395085-040a-526b-2ce8-bdc85f692774.
[2023-05-13 03:32:10Z INFO JobDispatcher] job renew has been cancelled, stop renew job request 11.
[2023-05-13 03:32:10Z INFO JobNotification] Entering JobCompleted Notification
[2023-05-13 03:32:10Z INFO JobNotification] Entering EndMonitor
[2023-05-13 03:34:05Z INFO Terminal] WRITE LINE: Exiting...
[2023-05-13 03:34:05Z INFO ConfigurationStore] IsServiceConfigured()
[2023-05-13 03:34:05Z INFO ConfigurationStore] IsServiceConfigured: False
[2023-05-13 03:34:05Z INFO HostContext] Runner will be shutdown for UserCancelled
[2023-05-13 03:34:05Z WARN GitHubActionsService] GET request to https://pipelines.actions.githubusercontent.com/ZRiBEleJ6CwRHXw0bEOnBzrscqxqgIh9q0d3bHVYurN0WhpWI6/_apis/distributedtask/pools/1/messages?sessionId=ba80d5d7-f892-482e-a1e5-188ecf693097&lastMessageId=2&status=Online&runnerVersion=2.304.0 has been cancelled.
[2023-05-13 03:34:05Z INFO MessageListener] Get next message has been cancelled.
[2023-05-13 03:34:05Z INFO JobDispatcher] Shutting down JobDispatcher. Make sure all WorkerDispatcher has finished.
[2023-05-13 03:34:05Z INFO JobDispatcher] Ensure WorkerDispather for job ca395085-040a-526b-2ce8-bdc85f692774 run to finish, cancel any running job.
[2023-05-13 03:34:05Z INFO JobDispatcher] Job request ca395085-040a-526b-2ce8-bdc85f692774 processed succeed.
[2023-05-13 03:34:05Z INFO Listener] Runner execution been cancelled.
