[2023-05-13 03:15:20Z INFO HostContext] No proxy settings were found based on environmental variables (http_proxy/https_proxy/HTTP_PROXY/HTTPS_PROXY)
[2023-05-13 03:15:20Z INFO HostContext] Well known directory 'Bin': 'R:\react-native\Agility_Service\actions-runner\bin'
[2023-05-13 03:15:20Z INFO HostContext] Well known directory 'Root': 'R:\react-native\Agility_Service\actions-runner'
[2023-05-13 03:15:20Z INFO HostContext] Well known config file 'Credentials': 'R:\react-native\Agility_Service\actions-runner\.credentials'
[2023-05-13 03:15:20Z INFO HostContext] Well known directory 'Bin': 'R:\react-native\Agility_Service\actions-runner\bin'
[2023-05-13 03:15:20Z INFO HostContext] Well known directory 'Root': 'R:\react-native\Agility_Service\actions-runner'
[2023-05-13 03:15:20Z INFO HostContext] Well known config file 'Runner': 'R:\react-native\Agility_Service\actions-runner\.runner'
[2023-05-13 03:15:20Z INFO Listener] Runner is built for Windows (X64) - win-x64.
[2023-05-13 03:15:20Z INFO Listener] RuntimeInformation: Microsoft Windows 10.0.22623.
[2023-05-13 03:15:20Z INFO Listener] Version: 2.304.0
[2023-05-13 03:15:20Z INFO Listener] Commit: 9ef4121b5b31ee5c03b7770288213d741081f747
[2023-05-13 03:15:20Z INFO Listener] Culture: pt-BR
[2023-05-13 03:15:20Z INFO Listener] UI Culture: pt-BR
[2023-05-13 03:15:20Z INFO HostContext] Well known directory 'Bin': 'R:\react-native\Agility_Service\actions-runner\bin'
[2023-05-13 03:15:20Z INFO HostContext] Well known directory 'Root': 'R:\react-native\Agility_Service\actions-runner'
[2023-05-13 03:15:20Z INFO Listener] Validating directory permissions for: 'R:\react-native\Agility_Service\actions-runner'
[2023-05-13 03:15:20Z INFO CommandLineParser] Parse
[2023-05-13 03:15:20Z INFO CommandLineParser] Parsing 1 args
[2023-05-13 03:15:20Z INFO CommandLineParser] parsing argument
[2023-05-13 03:15:20Z INFO CommandLineParser] HasArgs: False
[2023-05-13 03:15:20Z INFO CommandLineParser] Adding Command: run
[2023-05-13 03:15:20Z INFO Listener] Arguments parsed
[2023-05-13 03:15:20Z INFO Runner] ExecuteCommand
[2023-05-13 03:15:20Z INFO ConfigurationStore] currentAssemblyLocation: R:\react-native\Agility_Service\actions-runner\bin\Runner.Listener.dll
[2023-05-13 03:15:20Z INFO HostContext] Well known directory 'Bin': 'R:\react-native\Agility_Service\actions-runner\bin'
[2023-05-13 03:15:20Z INFO ConfigurationStore] binPath: R:\react-native\Agility_Service\actions-runner\bin
[2023-05-13 03:15:20Z INFO HostContext] Well known directory 'Bin': 'R:\react-native\Agility_Service\actions-runner\bin'
[2023-05-13 03:15:20Z INFO HostContext] Well known directory 'Root': 'R:\react-native\Agility_Service\actions-runner'
[2023-05-13 03:15:20Z INFO ConfigurationStore] RootFolder: R:\react-native\Agility_Service\actions-runner
[2023-05-13 03:15:20Z INFO HostContext] Well known directory 'Bin': 'R:\react-native\Agility_Service\actions-runner\bin'
[2023-05-13 03:15:20Z INFO HostContext] Well known directory 'Root': 'R:\react-native\Agility_Service\actions-runner'
[2023-05-13 03:15:20Z INFO HostContext] Well known config file 'Runner': 'R:\react-native\Agility_Service\actions-runner\.runner'
[2023-05-13 03:15:20Z INFO ConfigurationStore] ConfigFilePath: R:\react-native\Agility_Service\actions-runner\.runner
[2023-05-13 03:15:20Z INFO HostContext] Well known directory 'Bin': 'R:\react-native\Agility_Service\actions-runner\bin'
[2023-05-13 03:15:20Z INFO HostContext] Well known directory 'Root': 'R:\react-native\Agility_Service\actions-runner'
[2023-05-13 03:15:20Z INFO HostContext] Well known config file 'Credentials': 'R:\react-native\Agility_Service\actions-runner\.credentials'
[2023-05-13 03:15:20Z INFO ConfigurationStore] CredFilePath: R:\react-native\Agility_Service\actions-runner\.credentials
[2023-05-13 03:15:20Z INFO HostContext] Well known directory 'Bin': 'R:\react-native\Agility_Service\actions-runner\bin'
[2023-05-13 03:15:20Z INFO HostContext] Well known directory 'Root': 'R:\react-native\Agility_Service\actions-runner'
[2023-05-13 03:15:20Z INFO HostContext] Well known config file 'MigratedCredentials': 'R:\react-native\Agility_Service\actions-runner\.credentials_migrated'
[2023-05-13 03:15:20Z INFO ConfigurationStore] MigratedCredFilePath: R:\react-native\Agility_Service\actions-runner\.credentials_migrated
[2023-05-13 03:15:20Z INFO HostContext] Well known directory 'Bin': 'R:\react-native\Agility_Service\actions-runner\bin'
[2023-05-13 03:15:20Z INFO HostContext] Well known directory 'Root': 'R:\react-native\Agility_Service\actions-runner'
[2023-05-13 03:15:20Z INFO HostContext] Well known config file 'Service': 'R:\react-native\Agility_Service\actions-runner\.service'
[2023-05-13 03:15:20Z INFO ConfigurationStore] ServiceConfigFilePath: R:\react-native\Agility_Service\actions-runner\.service
[2023-05-13 03:15:20Z INFO CommandSettings] Flag 'help': 'False'
[2023-05-13 03:15:20Z INFO CommandSettings] Flag 'version': 'False'
[2023-05-13 03:15:20Z INFO CommandSettings] Flag 'commit': 'False'
[2023-05-13 03:15:20Z INFO CommandSettings] Flag 'check': 'False'
[2023-05-13 03:15:20Z INFO CommandSettings] Command 'configure': 'False'
[2023-05-13 03:15:20Z INFO CommandSettings] Command 'remove': 'False'
[2023-05-13 03:15:20Z INFO CommandSettings] Command 'warmup': 'False'
[2023-05-13 03:15:20Z INFO ConfigurationManager] LoadSettings
[2023-05-13 03:15:20Z INFO ConfigurationStore] IsConfigured()
[2023-05-13 03:15:20Z INFO ConfigurationStore] IsConfigured: True
[2023-05-13 03:15:20Z INFO ConfigurationManager] Is configured: True
[2023-05-13 03:15:20Z INFO ConfigurationStore] Read setting file: 312 chars
[2023-05-13 03:15:20Z INFO ConfigurationManager] Settings Loaded
[2023-05-13 03:15:20Z INFO ConfigurationStore] IsServiceConfigured()
[2023-05-13 03:15:20Z INFO ConfigurationStore] IsServiceConfigured: False
[2023-05-13 03:15:20Z INFO CommandSettings] Command 'run': 'True'
[2023-05-13 03:15:20Z INFO ConfigurationStore] IsConfigured()
[2023-05-13 03:15:20Z INFO ConfigurationStore] IsConfigured: True
[2023-05-13 03:15:20Z INFO ConfigurationManager] Is configured: True
[2023-05-13 03:15:20Z INFO Runner] Could not parse the argument value '' for StartupType. Defaulting to Manual
[2023-05-13 03:15:20Z INFO Runner] Set runner startup type - Manual
[2023-05-13 03:15:20Z INFO CommandSettings] Flag 'once': 'False'
[2023-05-13 03:15:20Z INFO CommandSettings] Flag 'once': 'False'
[2023-05-13 03:15:20Z INFO Runner] RunAsync
[2023-05-13 03:15:20Z INFO ConfigurationManager] LoadSettings
[2023-05-13 03:15:20Z INFO ConfigurationStore] IsConfigured()
[2023-05-13 03:15:20Z INFO ConfigurationStore] IsConfigured: True
[2023-05-13 03:15:20Z INFO ConfigurationManager] Is configured: True
[2023-05-13 03:15:20Z INFO ConfigurationManager] Settings Loaded
[2023-05-13 03:15:20Z INFO MessageListener] {
  "AgentId": 22,
  "AgentName": "WILHAS-SYSTEM-J",
  "PoolId": 1,
  "PoolName": "Default",
  "ServerUrl": "https://pipelines.actions.githubusercontent.com/ZRiBEleJ6CwRHXw0bEOnBzrscqxqgIh9q0d3bHVYurN0WhpWI6",
  "GitHubUrl": "https://github.com/wilhas125/Agility_Sevice_GitHub",
  "WorkFolder": "_work"
}
[2023-05-13 03:15:20Z INFO MessageListener] Loading Credentials
[2023-05-13 03:15:20Z INFO ConfigurationStore] HasCredentials()
[2023-05-13 03:15:20Z INFO ConfigurationStore] stored True
[2023-05-13 03:15:20Z INFO CredentialManager] GetCredentialProvider
[2023-05-13 03:15:20Z INFO CredentialManager] Creating type OAuth
[2023-05-13 03:15:20Z INFO CredentialManager] Creating credential type: OAuth
[2023-05-13 03:15:20Z INFO HostContext] Well known directory 'Bin': 'R:\react-native\Agility_Service\actions-runner\bin'
[2023-05-13 03:15:20Z INFO HostContext] Well known directory 'Root': 'R:\react-native\Agility_Service\actions-runner'
[2023-05-13 03:15:20Z INFO HostContext] Well known config file 'RSACredentials': 'R:\react-native\Agility_Service\actions-runner\.credentials_rsaparams'
[2023-05-13 03:15:20Z INFO RSAEncryptedFileKeyManager] Loading RSA key parameters from file R:\react-native\Agility_Service\actions-runner\.credentials_rsaparams
[2023-05-13 03:15:20Z INFO MessageListener] Attempt to create session.
[2023-05-13 03:15:20Z INFO MessageListener] Connecting to the Runner Server...
[2023-05-13 03:15:20Z INFO RunnerServer] EstablishVssConnection
[2023-05-13 03:15:20Z INFO RunnerServer] Establish connection with 100 seconds timeout.
[2023-05-13 03:15:20Z INFO GitHubActionsService] Starting operation Location.GetConnectionData
[2023-05-13 03:15:20Z INFO RunnerServer] EstablishVssConnection
[2023-05-13 03:15:20Z INFO RunnerServer] Establish connection with 60 seconds timeout.
[2023-05-13 03:15:20Z INFO GitHubActionsService] Starting operation Location.GetConnectionData
[2023-05-13 03:15:20Z INFO RunnerServer] EstablishVssConnection
[2023-05-13 03:15:20Z INFO RunnerServer] Establish connection with 60 seconds timeout.
[2023-05-13 03:15:20Z INFO GitHubActionsService] Starting operation Location.GetConnectionData
[2023-05-13 03:15:21Z INFO GitHubActionsService] Finished operation Location.GetConnectionData
[2023-05-13 03:15:21Z INFO GitHubActionsService] Finished operation Location.GetConnectionData
[2023-05-13 03:15:21Z INFO GitHubActionsService] Finished operation Location.GetConnectionData
[2023-05-13 03:15:21Z INFO MessageListener] VssConnection created
[2023-05-13 03:15:21Z INFO Terminal] WRITE LINE: 
[2023-05-13 03:15:21Z INFO Terminal] WRITE LINE: 
[2023-05-13 03:15:22Z INFO RSAEncryptedFileKeyManager] Loading RSA key parameters from file R:\react-native\Agility_Service\actions-runner\.credentials_rsaparams
[2023-05-13 03:15:22Z INFO RSAEncryptedFileKeyManager] Loading RSA key parameters from file R:\react-native\Agility_Service\actions-runner\.credentials_rsaparams
[2023-05-13 03:15:22Z INFO GitHubActionsService] AAD Correlation ID for this token request: Unknown
[2023-05-13 03:15:22Z INFO MessageListener] Session created.
[2023-05-13 03:15:22Z INFO Terminal] WRITE LINE: Current runner version: '2.304.0'
[2023-05-13 03:15:22Z INFO Terminal] WRITE LINE: 2023-05-13 03:15:22Z: Listening for Jobs
[2023-05-13 03:15:22Z INFO JobDispatcher] Set runner/worker IPC timeout to 30 seconds.
[2023-05-13 03:16:46Z INFO Terminal] WRITE LINE: Exiting...
[2023-05-13 03:16:46Z INFO ConfigurationStore] IsServiceConfigured()
[2023-05-13 03:16:46Z INFO ConfigurationStore] IsServiceConfigured: False
[2023-05-13 03:16:46Z INFO HostContext] Runner will be shutdown for UserCancelled
[2023-05-13 03:16:46Z WARN GitHubActionsService] GET request to https://pipelines.actions.githubusercontent.com/ZRiBEleJ6CwRHXw0bEOnBzrscqxqgIh9q0d3bHVYurN0WhpWI6/_apis/distributedtask/pools/1/messages?sessionId=da3c64f5-37da-4613-b47c-14596cd5295e&status=Online&runnerVersion=2.304.0 has been cancelled.
[2023-05-13 03:16:46Z INFO MessageListener] Get next message has been cancelled.
[2023-05-13 03:16:46Z INFO JobDispatcher] Shutting down JobDispatcher. Make sure all WorkerDispatcher has finished.
[2023-05-13 03:16:47Z INFO Listener] Runner execution been cancelled.
