[2023-05-13 03:58:54Z INFO HostContext] No proxy settings were found based on environmental variables (http_proxy/https_proxy/HTTP_PROXY/HTTPS_PROXY)
[2023-05-13 03:58:54Z INFO HostContext] Well known directory 'Bin': 'R:\react-native\Agility_Service\actions-runner\bin'
[2023-05-13 03:58:54Z INFO HostContext] Well known directory 'Root': 'R:\react-native\Agility_Service\actions-runner'
[2023-05-13 03:58:54Z INFO HostContext] Well known config file 'Credentials': 'R:\react-native\Agility_Service\actions-runner\.credentials'
[2023-05-13 03:58:54Z INFO HostContext] Well known directory 'Bin': 'R:\react-native\Agility_Service\actions-runner\bin'
[2023-05-13 03:58:54Z INFO HostContext] Well known directory 'Root': 'R:\react-native\Agility_Service\actions-runner'
[2023-05-13 03:58:54Z INFO HostContext] Well known config file 'Runner': 'R:\react-native\Agility_Service\actions-runner\.runner'
[2023-05-13 03:58:55Z INFO Listener] Runner is built for Windows (X64) - win-x64.
[2023-05-13 03:58:55Z INFO Listener] RuntimeInformation: Microsoft Windows 10.0.22623.
[2023-05-13 03:58:55Z INFO Listener] Version: 2.304.0
[2023-05-13 03:58:55Z INFO Listener] Commit: 9ef4121b5b31ee5c03b7770288213d741081f747
[2023-05-13 03:58:55Z INFO Listener] Culture: pt-BR
[2023-05-13 03:58:55Z INFO Listener] UI Culture: pt-BR
[2023-05-13 03:58:55Z INFO HostContext] Well known directory 'Bin': 'R:\react-native\Agility_Service\actions-runner\bin'
[2023-05-13 03:58:55Z INFO HostContext] Well known directory 'Root': 'R:\react-native\Agility_Service\actions-runner'
[2023-05-13 03:58:55Z INFO Listener] Validating directory permissions for: 'R:\react-native\Agility_Service\actions-runner'
[2023-05-13 03:58:55Z INFO CommandLineParser] Parse
[2023-05-13 03:58:55Z INFO CommandLineParser] Parsing 1 args
[2023-05-13 03:58:55Z INFO CommandLineParser] parsing argument
[2023-05-13 03:58:55Z INFO CommandLineParser] HasArgs: False
[2023-05-13 03:58:55Z INFO CommandLineParser] Adding Command: run
[2023-05-13 03:58:55Z INFO Listener] Arguments parsed
[2023-05-13 03:58:55Z INFO Runner] ExecuteCommand
[2023-05-13 03:58:55Z INFO ConfigurationStore] currentAssemblyLocation: R:\react-native\Agility_Service\actions-runner\bin\Runner.Listener.dll
[2023-05-13 03:58:55Z INFO HostContext] Well known directory 'Bin': 'R:\react-native\Agility_Service\actions-runner\bin'
[2023-05-13 03:58:55Z INFO ConfigurationStore] binPath: R:\react-native\Agility_Service\actions-runner\bin
[2023-05-13 03:58:55Z INFO HostContext] Well known directory 'Bin': 'R:\react-native\Agility_Service\actions-runner\bin'
[2023-05-13 03:58:55Z INFO HostContext] Well known directory 'Root': 'R:\react-native\Agility_Service\actions-runner'
[2023-05-13 03:58:55Z INFO ConfigurationStore] RootFolder: R:\react-native\Agility_Service\actions-runner
[2023-05-13 03:58:55Z INFO HostContext] Well known directory 'Bin': 'R:\react-native\Agility_Service\actions-runner\bin'
[2023-05-13 03:58:55Z INFO HostContext] Well known directory 'Root': 'R:\react-native\Agility_Service\actions-runner'
[2023-05-13 03:58:55Z INFO HostContext] Well known config file 'Runner': 'R:\react-native\Agility_Service\actions-runner\.runner'
[2023-05-13 03:58:55Z INFO ConfigurationStore] ConfigFilePath: R:\react-native\Agility_Service\actions-runner\.runner
[2023-05-13 03:58:55Z INFO HostContext] Well known directory 'Bin': 'R:\react-native\Agility_Service\actions-runner\bin'
[2023-05-13 03:58:55Z INFO HostContext] Well known directory 'Root': 'R:\react-native\Agility_Service\actions-runner'
[2023-05-13 03:58:55Z INFO HostContext] Well known config file 'Credentials': 'R:\react-native\Agility_Service\actions-runner\.credentials'
[2023-05-13 03:58:55Z INFO ConfigurationStore] CredFilePath: R:\react-native\Agility_Service\actions-runner\.credentials
[2023-05-13 03:58:55Z INFO HostContext] Well known directory 'Bin': 'R:\react-native\Agility_Service\actions-runner\bin'
[2023-05-13 03:58:55Z INFO HostContext] Well known directory 'Root': 'R:\react-native\Agility_Service\actions-runner'
[2023-05-13 03:58:55Z INFO HostContext] Well known config file 'MigratedCredentials': 'R:\react-native\Agility_Service\actions-runner\.credentials_migrated'
[2023-05-13 03:58:55Z INFO ConfigurationStore] MigratedCredFilePath: R:\react-native\Agility_Service\actions-runner\.credentials_migrated
[2023-05-13 03:58:55Z INFO HostContext] Well known directory 'Bin': 'R:\react-native\Agility_Service\actions-runner\bin'
[2023-05-13 03:58:55Z INFO HostContext] Well known directory 'Root': 'R:\react-native\Agility_Service\actions-runner'
[2023-05-13 03:58:55Z INFO HostContext] Well known config file 'Service': 'R:\react-native\Agility_Service\actions-runner\.service'
[2023-05-13 03:58:55Z INFO ConfigurationStore] ServiceConfigFilePath: R:\react-native\Agility_Service\actions-runner\.service
[2023-05-13 03:58:55Z INFO CommandSettings] Flag 'help': 'False'
[2023-05-13 03:58:55Z INFO CommandSettings] Flag 'version': 'False'
[2023-05-13 03:58:55Z INFO CommandSettings] Flag 'commit': 'False'
[2023-05-13 03:58:55Z INFO CommandSettings] Flag 'check': 'False'
[2023-05-13 03:58:55Z INFO CommandSettings] Command 'configure': 'False'
[2023-05-13 03:58:55Z INFO CommandSettings] Command 'remove': 'False'
[2023-05-13 03:58:55Z INFO CommandSettings] Command 'warmup': 'False'
[2023-05-13 03:58:55Z INFO ConfigurationManager] LoadSettings
[2023-05-13 03:58:55Z INFO ConfigurationStore] IsConfigured()
[2023-05-13 03:58:55Z INFO ConfigurationStore] IsConfigured: True
[2023-05-13 03:58:55Z INFO ConfigurationManager] Is configured: True
[2023-05-13 03:58:55Z INFO ConfigurationStore] Read setting file: 312 chars
[2023-05-13 03:58:55Z INFO ConfigurationManager] Settings Loaded
[2023-05-13 03:58:55Z INFO ConfigurationStore] IsServiceConfigured()
[2023-05-13 03:58:55Z INFO ConfigurationStore] IsServiceConfigured: False
[2023-05-13 03:58:55Z INFO CommandSettings] Command 'run': 'True'
[2023-05-13 03:58:55Z INFO ConfigurationStore] IsConfigured()
[2023-05-13 03:58:55Z INFO ConfigurationStore] IsConfigured: True
[2023-05-13 03:58:55Z INFO ConfigurationManager] Is configured: True
[2023-05-13 03:58:55Z INFO Runner] Could not parse the argument value '' for StartupType. Defaulting to Manual
[2023-05-13 03:58:55Z INFO Runner] Set runner startup type - Manual
[2023-05-13 03:58:55Z INFO CommandSettings] Flag 'once': 'False'
[2023-05-13 03:58:55Z INFO CommandSettings] Flag 'once': 'False'
[2023-05-13 03:58:55Z INFO Runner] RunAsync
[2023-05-13 03:58:55Z INFO ConfigurationManager] LoadSettings
[2023-05-13 03:58:55Z INFO ConfigurationStore] IsConfigured()
[2023-05-13 03:58:55Z INFO ConfigurationStore] IsConfigured: True
[2023-05-13 03:58:55Z INFO ConfigurationManager] Is configured: True
[2023-05-13 03:58:55Z INFO ConfigurationManager] Settings Loaded
[2023-05-13 03:58:55Z INFO MessageListener] {
  "AgentId": 22,
  "AgentName": "WILHAS-SYSTEM-J",
  "PoolId": 1,
  "PoolName": "Default",
  "ServerUrl": "https://pipelines.actions.githubusercontent.com/ZRiBEleJ6CwRHXw0bEOnBzrscqxqgIh9q0d3bHVYurN0WhpWI6",
  "GitHubUrl": "https://github.com/wilhas125/Agility_Sevice_GitHub",
  "WorkFolder": "_work"
}
[2023-05-13 03:58:55Z INFO MessageListener] Loading Credentials
[2023-05-13 03:58:55Z INFO ConfigurationStore] HasCredentials()
[2023-05-13 03:58:55Z INFO ConfigurationStore] stored True
[2023-05-13 03:58:55Z INFO CredentialManager] GetCredentialProvider
[2023-05-13 03:58:55Z INFO CredentialManager] Creating type OAuth
[2023-05-13 03:58:55Z INFO CredentialManager] Creating credential type: OAuth
[2023-05-13 03:58:55Z INFO HostContext] Well known directory 'Bin': 'R:\react-native\Agility_Service\actions-runner\bin'
[2023-05-13 03:58:55Z INFO HostContext] Well known directory 'Root': 'R:\react-native\Agility_Service\actions-runner'
[2023-05-13 03:58:55Z INFO HostContext] Well known config file 'RSACredentials': 'R:\react-native\Agility_Service\actions-runner\.credentials_rsaparams'
[2023-05-13 03:58:55Z INFO RSAEncryptedFileKeyManager] Loading RSA key parameters from file R:\react-native\Agility_Service\actions-runner\.credentials_rsaparams
[2023-05-13 03:58:55Z INFO MessageListener] Attempt to create session.
[2023-05-13 03:58:55Z INFO MessageListener] Connecting to the Runner Server...
[2023-05-13 03:58:55Z INFO RunnerServer] EstablishVssConnection
[2023-05-13 03:58:55Z INFO RunnerServer] Establish connection with 100 seconds timeout.
[2023-05-13 03:58:55Z INFO GitHubActionsService] Starting operation Location.GetConnectionData
[2023-05-13 03:58:55Z INFO RunnerServer] EstablishVssConnection
[2023-05-13 03:58:55Z INFO RunnerServer] Establish connection with 60 seconds timeout.
[2023-05-13 03:58:55Z INFO GitHubActionsService] Starting operation Location.GetConnectionData
[2023-05-13 03:58:55Z INFO RunnerServer] EstablishVssConnection
[2023-05-13 03:58:55Z INFO RunnerServer] Establish connection with 60 seconds timeout.
[2023-05-13 03:58:55Z INFO GitHubActionsService] Starting operation Location.GetConnectionData
[2023-05-13 03:58:55Z INFO GitHubActionsService] Finished operation Location.GetConnectionData
[2023-05-13 03:58:55Z INFO GitHubActionsService] Finished operation Location.GetConnectionData
[2023-05-13 03:58:55Z INFO GitHubActionsService] Finished operation Location.GetConnectionData
[2023-05-13 03:58:56Z INFO MessageListener] VssConnection created
[2023-05-13 03:58:56Z INFO Terminal] WRITE LINE: 
[2023-05-13 03:58:56Z INFO Terminal] WRITE LINE: 
[2023-05-13 03:58:56Z INFO RSAEncryptedFileKeyManager] Loading RSA key parameters from file R:\react-native\Agility_Service\actions-runner\.credentials_rsaparams
[2023-05-13 03:58:56Z INFO RSAEncryptedFileKeyManager] Loading RSA key parameters from file R:\react-native\Agility_Service\actions-runner\.credentials_rsaparams
[2023-05-13 03:58:56Z INFO GitHubActionsService] AAD Correlation ID for this token request: Unknown
[2023-05-13 03:58:56Z INFO MessageListener] Session created.
[2023-05-13 03:58:56Z INFO Terminal] WRITE LINE: Current runner version: '2.304.0'
[2023-05-13 03:58:56Z INFO Terminal] WRITE LINE: 2023-05-13 03:58:56Z: Listening for Jobs
[2023-05-13 03:58:56Z INFO JobDispatcher] Set runner/worker IPC timeout to 30 seconds.
[2023-05-13 03:59:40Z INFO RSAEncryptedFileKeyManager] Loading RSA key parameters from file R:\react-native\Agility_Service\actions-runner\.credentials_rsaparams
[2023-05-13 03:59:40Z INFO MessageListener] Message '3' received from session 'a0ebdbe7-0bcf-457f-9496-cdae7e6c57c7'.
[2023-05-13 03:59:40Z INFO Runner] Received job message of length 20863 from service, with hash '409dafb5187b2af768c5ff0948e8eb9d5bc6ce7fbbdf982b294430a95f86ac7d'
[2023-05-13 03:59:40Z INFO JobDispatcher] Job request 12 for plan 6df7011c-9ddd-471b-8fc5-d68cc24a21f0 job ca395085-040a-526b-2ce8-bdc85f692774 received.
[2023-05-13 03:59:40Z INFO JobDispatcher] Pull OrchestrationId 6df7011c-9ddd-471b-8fc5-d68cc24a21f0.build.__default from JWT claims
[2023-05-13 03:59:40Z INFO Terminal] WRITE LINE: 2023-05-13 03:59:40Z: Running job: build
[2023-05-13 03:59:40Z INFO JobDispatcher] Start renew job request 12 for job ca395085-040a-526b-2ce8-bdc85f692774.
[2023-05-13 03:59:41Z INFO JobDispatcher] Successfully renew job request 12, job is valid till 13/05/2023 04:09:46
[2023-05-13 03:59:41Z INFO HostContext] Well known directory 'Bin': 'R:\react-native\Agility_Service\actions-runner\bin'
[2023-05-13 03:59:41Z INFO ProcessInvokerWrapper] Starting process:
[2023-05-13 03:59:41Z INFO ProcessInvokerWrapper]   File name: 'R:\react-native\Agility_Service\actions-runner\bin\Runner.Worker.exe'
[2023-05-13 03:59:41Z INFO ProcessInvokerWrapper]   Arguments: 'spawnclient 1364 2264'
[2023-05-13 03:59:41Z INFO ProcessInvokerWrapper]   Working directory: 'R:\react-native\Agility_Service\actions-runner\bin'
[2023-05-13 03:59:41Z INFO ProcessInvokerWrapper]   Require exit code zero: 'False'
[2023-05-13 03:59:41Z INFO ProcessInvokerWrapper]   Encoding web name:  ; code page: ''
[2023-05-13 03:59:41Z INFO ProcessInvokerWrapper]   Force kill process on cancellation: 'True'
[2023-05-13 03:59:41Z INFO ProcessInvokerWrapper]   Redirected STDIN: 'False'
[2023-05-13 03:59:41Z INFO ProcessInvokerWrapper]   Persist current code page: 'False'
[2023-05-13 03:59:41Z INFO ProcessInvokerWrapper]   Keep redirected STDIN open: 'False'
[2023-05-13 03:59:41Z INFO ProcessInvokerWrapper]   High priority process: 'True'
[2023-05-13 03:59:41Z INFO ProcessInvokerWrapper] Process started with process id 5708, waiting for process exit.
[2023-05-13 03:59:41Z INFO JobDispatcher] Send job request message to worker for job ca395085-040a-526b-2ce8-bdc85f692774.
[2023-05-13 03:59:41Z INFO ProcessChannel] Sending message of length 20863, with hash '409dafb5187b2af768c5ff0948e8eb9d5bc6ce7fbbdf982b294430a95f86ac7d'
[2023-05-13 03:59:41Z INFO JobNotification] Entering JobStarted Notification
[2023-05-13 03:59:41Z INFO JobNotification] Entering StartMonitor
[2023-05-13 03:59:53Z INFO ProcessInvokerWrapper] STDOUT/STDERR stream read finished.
[2023-05-13 03:59:53Z INFO ProcessInvokerWrapper] STDOUT/STDERR stream read finished.
[2023-05-13 03:59:53Z INFO ProcessInvokerWrapper] Finished process 5708 with exit code 102, and elapsed time 00:00:12.7563525.
[2023-05-13 03:59:53Z INFO JobDispatcher] Worker finished for job ca395085-040a-526b-2ce8-bdc85f692774. Code: 102
[2023-05-13 03:59:53Z INFO JobDispatcher] finish job request for job ca395085-040a-526b-2ce8-bdc85f692774 with result: Failed
[2023-05-13 03:59:53Z INFO Terminal] WRITE LINE: 2023-05-13 03:59:53Z: Job build completed with result: Failed
[2023-05-13 03:59:53Z INFO JobDispatcher] Stop renew job request for job ca395085-040a-526b-2ce8-bdc85f692774.
[2023-05-13 03:59:53Z INFO JobDispatcher] job renew has been cancelled, stop renew job request 12.
[2023-05-13 03:59:53Z INFO JobNotification] Entering JobCompleted Notification
[2023-05-13 03:59:53Z INFO JobNotification] Entering EndMonitor
[2023-05-13 04:07:12Z INFO RSAEncryptedFileKeyManager] Loading RSA key parameters from file R:\react-native\Agility_Service\actions-runner\.credentials_rsaparams
[2023-05-13 04:07:12Z INFO MessageListener] Message '4' received from session 'a0ebdbe7-0bcf-457f-9496-cdae7e6c57c7'.
[2023-05-13 04:07:12Z INFO Runner] Received job message of length 20893 from service, with hash '787b0ff2a7b67482983c483ee9bb0a9c15ad4fdbc411aa908985ac08f0d501da'
[2023-05-13 04:07:12Z INFO JobDispatcher] Job request 15 for plan b280dfef-d292-4199-807e-74225b665a26 job ca395085-040a-526b-2ce8-bdc85f692774 received.
[2023-05-13 04:07:12Z INFO JobDispatcher] Pull OrchestrationId b280dfef-d292-4199-807e-74225b665a26.build.__default from JWT claims
[2023-05-13 04:07:12Z INFO JobDispatcher] Job request ca395085-040a-526b-2ce8-bdc85f692774 processed succeed.
[2023-05-13 04:07:12Z INFO Terminal] WRITE LINE: 2023-05-13 04:07:12Z: Running job: build
[2023-05-13 04:07:47Z INFO JobDispatcher] Start renew job request 15 for job ca395085-040a-526b-2ce8-bdc85f692774.
[2023-05-13 04:07:47Z INFO JobDispatcher] Successfully renew job request 15, job is valid till 13/05/2023 04:17:52
[2023-05-13 04:07:47Z INFO HostContext] Well known directory 'Bin': 'R:\react-native\Agility_Service\actions-runner\bin'
[2023-05-13 04:07:47Z INFO ProcessInvokerWrapper] Starting process:
[2023-05-13 04:07:47Z INFO ProcessInvokerWrapper]   File name: 'R:\react-native\Agility_Service\actions-runner\bin\Runner.Worker.exe'
[2023-05-13 04:07:47Z INFO ProcessInvokerWrapper]   Arguments: 'spawnclient 2140 1760'
[2023-05-13 04:07:47Z INFO ProcessInvokerWrapper]   Working directory: 'R:\react-native\Agility_Service\actions-runner\bin'
[2023-05-13 04:07:47Z INFO ProcessInvokerWrapper]   Require exit code zero: 'False'
[2023-05-13 04:07:47Z INFO ProcessInvokerWrapper]   Encoding web name:  ; code page: ''
[2023-05-13 04:07:47Z INFO ProcessInvokerWrapper]   Force kill process on cancellation: 'True'
[2023-05-13 04:07:47Z INFO ProcessInvokerWrapper]   Redirected STDIN: 'False'
[2023-05-13 04:07:47Z INFO ProcessInvokerWrapper]   Persist current code page: 'False'
[2023-05-13 04:07:47Z INFO ProcessInvokerWrapper]   Keep redirected STDIN open: 'False'
[2023-05-13 04:07:47Z INFO ProcessInvokerWrapper]   High priority process: 'True'
[2023-05-13 04:07:47Z INFO ProcessInvokerWrapper] Process started with process id 3736, waiting for process exit.
[2023-05-13 04:07:47Z INFO JobDispatcher] Send job request message to worker for job ca395085-040a-526b-2ce8-bdc85f692774.
[2023-05-13 04:07:47Z INFO ProcessChannel] Sending message of length 20893, with hash '787b0ff2a7b67482983c483ee9bb0a9c15ad4fdbc411aa908985ac08f0d501da'
[2023-05-13 04:07:47Z INFO JobNotification] Entering JobStarted Notification
[2023-05-13 04:07:47Z INFO JobNotification] Entering StartMonitor
[2023-05-13 04:07:48Z INFO Terminal] WRITE LINE: Exiting...
[2023-05-13 04:07:48Z INFO ConfigurationStore] IsServiceConfigured()
[2023-05-13 04:07:48Z INFO ConfigurationStore] IsServiceConfigured: False
[2023-05-13 04:07:48Z INFO HostContext] Runner will be shutdown for UserCancelled
[2023-05-13 04:07:48Z WARN GitHubActionsService] GET request to https://pipelines.actions.githubusercontent.com/ZRiBEleJ6CwRHXw0bEOnBzrscqxqgIh9q0d3bHVYurN0WhpWI6/_apis/distributedtask/pools/1/messages?sessionId=a0ebdbe7-0bcf-457f-9496-cdae7e6c57c7&lastMessageId=4&status=Online&runnerVersion=2.304.0 has been cancelled.
[2023-05-13 04:07:48Z INFO MessageListener] Get next message has been cancelled.
[2023-05-13 04:07:48Z INFO JobDispatcher] Shutting down JobDispatcher. Make sure all WorkerDispatcher has finished.
[2023-05-13 04:07:48Z INFO JobDispatcher] Ensure WorkerDispather for job ca395085-040a-526b-2ce8-bdc85f692774 run to finish, cancel any running job.
[2023-05-13 04:07:48Z INFO JobDispatcher] Send job cancellation message to worker for job ca395085-040a-526b-2ce8-bdc85f692774.
[2023-05-13 04:07:48Z INFO ProcessChannel] Sending message of length 0, with hash 'e3b0c44298fc1c149afbf4c8996fb92427ae41e4649b934ca495991b7852b855'
[2023-05-13 04:07:50Z INFO ProcessInvokerWrapper] STDOUT/STDERR stream read finished.
[2023-05-13 04:07:50Z INFO ProcessInvokerWrapper] STDOUT/STDERR stream read finished.
[2023-05-13 04:07:50Z INFO ProcessInvokerWrapper] Finished process 3736 with exit code 103, and elapsed time 00:00:03.4061866.
[2023-05-13 04:07:50Z INFO JobDispatcher] finish job request for job ca395085-040a-526b-2ce8-bdc85f692774 with result: Canceled
[2023-05-13 04:07:50Z INFO Terminal] WRITE LINE: 2023-05-13 04:07:50Z: Job build completed with result: Canceled
[2023-05-13 04:07:50Z INFO JobDispatcher] Stop renew job request for job ca395085-040a-526b-2ce8-bdc85f692774.
[2023-05-13 04:07:50Z INFO JobDispatcher] job renew has been cancelled, stop renew job request 15.
[2023-05-13 04:07:50Z INFO JobNotification] Entering JobCompleted Notification
[2023-05-13 04:07:50Z INFO JobNotification] Entering EndMonitor
[2023-05-13 04:07:51Z INFO Listener] Runner execution been cancelled.
