[2023-05-13 02:48:10Z INFO HostContext] No proxy settings were found based on environmental variables (http_proxy/https_proxy/HTTP_PROXY/HTTPS_PROXY)
[2023-05-13 02:48:10Z INFO HostContext] Well known directory 'Bin': 'R:\react-native\Agility_Service\actions-runner\bin'
[2023-05-13 02:48:10Z INFO HostContext] Well known directory 'Root': 'R:\react-native\Agility_Service\actions-runner'
[2023-05-13 02:48:10Z INFO HostContext] Well known config file 'Credentials': 'R:\react-native\Agility_Service\actions-runner\.credentials'
[2023-05-13 02:48:10Z INFO HostContext] Well known directory 'Bin': 'R:\react-native\Agility_Service\actions-runner\bin'
[2023-05-13 02:48:10Z INFO HostContext] Well known directory 'Root': 'R:\react-native\Agility_Service\actions-runner'
[2023-05-13 02:48:10Z INFO HostContext] Well known config file 'Runner': 'R:\react-native\Agility_Service\actions-runner\.runner'
[2023-05-13 02:48:10Z INFO Listener] Runner is built for Windows (X64) - win-x64.
[2023-05-13 02:48:10Z INFO Listener] RuntimeInformation: Microsoft Windows 10.0.22623.
[2023-05-13 02:48:10Z INFO Listener] Version: 2.304.0
[2023-05-13 02:48:10Z INFO Listener] Commit: 9ef4121b5b31ee5c03b7770288213d741081f747
[2023-05-13 02:48:10Z INFO Listener] Culture: pt-BR
[2023-05-13 02:48:10Z INFO Listener] UI Culture: pt-BR
[2023-05-13 02:48:10Z INFO HostContext] Well known directory 'Bin': 'R:\react-native\Agility_Service\actions-runner\bin'
[2023-05-13 02:48:10Z INFO HostContext] Well known directory 'Root': 'R:\react-native\Agility_Service\actions-runner'
[2023-05-13 02:48:10Z INFO Listener] Validating directory permissions for: 'R:\react-native\Agility_Service\actions-runner'
[2023-05-13 02:48:10Z INFO CommandLineParser] Parse
[2023-05-13 02:48:10Z INFO CommandLineParser] Parsing 1 args
[2023-05-13 02:48:10Z INFO CommandLineParser] parsing argument
[2023-05-13 02:48:10Z INFO CommandLineParser] HasArgs: False
[2023-05-13 02:48:10Z INFO CommandLineParser] Adding Command: run
[2023-05-13 02:48:10Z INFO Listener] Arguments parsed
[2023-05-13 02:48:10Z INFO Runner] ExecuteCommand
[2023-05-13 02:48:10Z INFO ConfigurationStore] currentAssemblyLocation: R:\react-native\Agility_Service\actions-runner\bin\Runner.Listener.dll
[2023-05-13 02:48:10Z INFO HostContext] Well known directory 'Bin': 'R:\react-native\Agility_Service\actions-runner\bin'
[2023-05-13 02:48:10Z INFO ConfigurationStore] binPath: R:\react-native\Agility_Service\actions-runner\bin
[2023-05-13 02:48:10Z INFO HostContext] Well known directory 'Bin': 'R:\react-native\Agility_Service\actions-runner\bin'
[2023-05-13 02:48:10Z INFO HostContext] Well known directory 'Root': 'R:\react-native\Agility_Service\actions-runner'
[2023-05-13 02:48:10Z INFO ConfigurationStore] RootFolder: R:\react-native\Agility_Service\actions-runner
[2023-05-13 02:48:10Z INFO HostContext] Well known directory 'Bin': 'R:\react-native\Agility_Service\actions-runner\bin'
[2023-05-13 02:48:10Z INFO HostContext] Well known directory 'Root': 'R:\react-native\Agility_Service\actions-runner'
[2023-05-13 02:48:10Z INFO HostContext] Well known config file 'Runner': 'R:\react-native\Agility_Service\actions-runner\.runner'
[2023-05-13 02:48:10Z INFO ConfigurationStore] ConfigFilePath: R:\react-native\Agility_Service\actions-runner\.runner
[2023-05-13 02:48:10Z INFO HostContext] Well known directory 'Bin': 'R:\react-native\Agility_Service\actions-runner\bin'
[2023-05-13 02:48:10Z INFO HostContext] Well known directory 'Root': 'R:\react-native\Agility_Service\actions-runner'
[2023-05-13 02:48:10Z INFO HostContext] Well known config file 'Credentials': 'R:\react-native\Agility_Service\actions-runner\.credentials'
[2023-05-13 02:48:10Z INFO ConfigurationStore] CredFilePath: R:\react-native\Agility_Service\actions-runner\.credentials
[2023-05-13 02:48:10Z INFO HostContext] Well known directory 'Bin': 'R:\react-native\Agility_Service\actions-runner\bin'
[2023-05-13 02:48:10Z INFO HostContext] Well known directory 'Root': 'R:\react-native\Agility_Service\actions-runner'
[2023-05-13 02:48:10Z INFO HostContext] Well known config file 'MigratedCredentials': 'R:\react-native\Agility_Service\actions-runner\.credentials_migrated'
[2023-05-13 02:48:10Z INFO ConfigurationStore] MigratedCredFilePath: R:\react-native\Agility_Service\actions-runner\.credentials_migrated
[2023-05-13 02:48:10Z INFO HostContext] Well known directory 'Bin': 'R:\react-native\Agility_Service\actions-runner\bin'
[2023-05-13 02:48:10Z INFO HostContext] Well known directory 'Root': 'R:\react-native\Agility_Service\actions-runner'
[2023-05-13 02:48:10Z INFO HostContext] Well known config file 'Service': 'R:\react-native\Agility_Service\actions-runner\.service'
[2023-05-13 02:48:10Z INFO ConfigurationStore] ServiceConfigFilePath: R:\react-native\Agility_Service\actions-runner\.service
[2023-05-13 02:48:10Z INFO CommandSettings] Flag 'help': 'False'
[2023-05-13 02:48:10Z INFO CommandSettings] Flag 'version': 'False'
[2023-05-13 02:48:10Z INFO CommandSettings] Flag 'commit': 'False'
[2023-05-13 02:48:10Z INFO CommandSettings] Flag 'check': 'False'
[2023-05-13 02:48:10Z INFO CommandSettings] Command 'configure': 'False'
[2023-05-13 02:48:10Z INFO CommandSettings] Command 'remove': 'False'
[2023-05-13 02:48:10Z INFO CommandSettings] Command 'warmup': 'False'
[2023-05-13 02:48:10Z INFO ConfigurationManager] LoadSettings
[2023-05-13 02:48:10Z INFO ConfigurationStore] IsConfigured()
[2023-05-13 02:48:10Z INFO ConfigurationStore] IsConfigured: True
[2023-05-13 02:48:10Z INFO ConfigurationManager] Is configured: True
[2023-05-13 02:48:10Z INFO ConfigurationStore] Read setting file: 312 chars
[2023-05-13 02:48:10Z INFO ConfigurationManager] Settings Loaded
[2023-05-13 02:48:10Z INFO ConfigurationStore] IsServiceConfigured()
[2023-05-13 02:48:10Z INFO ConfigurationStore] IsServiceConfigured: False
[2023-05-13 02:48:10Z INFO CommandSettings] Command 'run': 'True'
[2023-05-13 02:48:10Z INFO ConfigurationStore] IsConfigured()
[2023-05-13 02:48:10Z INFO ConfigurationStore] IsConfigured: True
[2023-05-13 02:48:10Z INFO ConfigurationManager] Is configured: True
[2023-05-13 02:48:10Z INFO Runner] Could not parse the argument value '' for StartupType. Defaulting to Manual
[2023-05-13 02:48:10Z INFO Runner] Set runner startup type - Manual
[2023-05-13 02:48:10Z INFO CommandSettings] Flag 'once': 'False'
[2023-05-13 02:48:10Z INFO CommandSettings] Flag 'once': 'False'
[2023-05-13 02:48:10Z INFO Runner] RunAsync
[2023-05-13 02:48:10Z INFO ConfigurationManager] LoadSettings
[2023-05-13 02:48:10Z INFO ConfigurationStore] IsConfigured()
[2023-05-13 02:48:10Z INFO ConfigurationStore] IsConfigured: True
[2023-05-13 02:48:10Z INFO ConfigurationManager] Is configured: True
[2023-05-13 02:48:10Z INFO ConfigurationManager] Settings Loaded
[2023-05-13 02:48:10Z INFO MessageListener] {
  "AgentId": 22,
  "AgentName": "WILHAS-SYSTEM-J",
  "PoolId": 1,
  "PoolName": "Default",
  "ServerUrl": "https://pipelines.actions.githubusercontent.com/ZRiBEleJ6CwRHXw0bEOnBzrscqxqgIh9q0d3bHVYurN0WhpWI6",
  "GitHubUrl": "https://github.com/wilhas125/Agility_Sevice_GitHub",
  "WorkFolder": "_work"
}
[2023-05-13 02:48:10Z INFO MessageListener] Loading Credentials
[2023-05-13 02:48:10Z INFO ConfigurationStore] HasCredentials()
[2023-05-13 02:48:10Z INFO ConfigurationStore] stored True
[2023-05-13 02:48:10Z INFO CredentialManager] GetCredentialProvider
[2023-05-13 02:48:10Z INFO CredentialManager] Creating type OAuth
[2023-05-13 02:48:10Z INFO CredentialManager] Creating credential type: OAuth
[2023-05-13 02:48:10Z INFO HostContext] Well known directory 'Bin': 'R:\react-native\Agility_Service\actions-runner\bin'
[2023-05-13 02:48:10Z INFO HostContext] Well known directory 'Root': 'R:\react-native\Agility_Service\actions-runner'
[2023-05-13 02:48:10Z INFO HostContext] Well known config file 'RSACredentials': 'R:\react-native\Agility_Service\actions-runner\.credentials_rsaparams'
[2023-05-13 02:48:10Z INFO RSAEncryptedFileKeyManager] Loading RSA key parameters from file R:\react-native\Agility_Service\actions-runner\.credentials_rsaparams
[2023-05-13 02:48:10Z INFO MessageListener] Attempt to create session.
[2023-05-13 02:48:10Z INFO MessageListener] Connecting to the Runner Server...
[2023-05-13 02:48:10Z INFO RunnerServer] EstablishVssConnection
[2023-05-13 02:48:10Z INFO RunnerServer] Establish connection with 100 seconds timeout.
[2023-05-13 02:48:10Z INFO GitHubActionsService] Starting operation Location.GetConnectionData
[2023-05-13 02:48:10Z INFO RunnerServer] EstablishVssConnection
[2023-05-13 02:48:10Z INFO RunnerServer] Establish connection with 60 seconds timeout.
[2023-05-13 02:48:10Z INFO GitHubActionsService] Starting operation Location.GetConnectionData
[2023-05-13 02:48:10Z INFO RunnerServer] EstablishVssConnection
[2023-05-13 02:48:10Z INFO RunnerServer] Establish connection with 60 seconds timeout.
[2023-05-13 02:48:10Z INFO GitHubActionsService] Starting operation Location.GetConnectionData
[2023-05-13 02:48:11Z INFO GitHubActionsService] Finished operation Location.GetConnectionData
[2023-05-13 02:48:11Z INFO GitHubActionsService] Finished operation Location.GetConnectionData
[2023-05-13 02:48:11Z INFO GitHubActionsService] Finished operation Location.GetConnectionData
[2023-05-13 02:48:11Z INFO MessageListener] VssConnection created
[2023-05-13 02:48:11Z INFO Terminal] WRITE LINE: 
[2023-05-13 02:48:11Z INFO Terminal] WRITE LINE: 
[2023-05-13 02:48:11Z INFO RSAEncryptedFileKeyManager] Loading RSA key parameters from file R:\react-native\Agility_Service\actions-runner\.credentials_rsaparams
[2023-05-13 02:48:11Z INFO RSAEncryptedFileKeyManager] Loading RSA key parameters from file R:\react-native\Agility_Service\actions-runner\.credentials_rsaparams
[2023-05-13 02:48:12Z INFO GitHubActionsService] AAD Correlation ID for this token request: Unknown
[2023-05-13 02:48:12Z INFO MessageListener] Session created.
[2023-05-13 02:48:12Z INFO Terminal] WRITE LINE: Current runner version: '2.304.0'
[2023-05-13 02:48:12Z INFO Terminal] WRITE LINE: 2023-05-13 02:48:12Z: Listening for Jobs
[2023-05-13 02:48:12Z INFO JobDispatcher] Set runner/worker IPC timeout to 30 seconds.
[2023-05-13 03:09:16Z WARN GitHubActionsService] GET request to https://pipelines.actions.githubusercontent.com/ZRiBEleJ6CwRHXw0bEOnBzrscqxqgIh9q0d3bHVYurN0WhpWI6/_apis/distributedtask/pools/1/messages?sessionId=bf9e3daa-caa2-469d-8b25-07183b829cc3&status=Online&runnerVersion=2.304.0 timed out after 60 seconds.
[2023-05-13 03:09:16Z ERR  MessageListener] Catch exception during get next message.
[2023-05-13 03:09:17Z ERR  MessageListener] System.TimeoutException: The HTTP request timed out after 00:01:00.
 ---> System.Threading.Tasks.TaskCanceledException: The operation was canceled.
 ---> System.IO.IOException: Unable to read data from the transport connection: A operação de E/S foi anulada devido a uma saída de thread ou a uma requisição de aplicativo..
 ---> System.Net.Sockets.SocketException (995): A operação de E/S foi anulada devido a uma saída de thread ou a uma requisição de aplicativo.
   --- End of inner exception stack trace ---
   at System.Net.Sockets.Socket.AwaitableSocketAsyncEventArgs.ThrowException(SocketError error, CancellationToken cancellationToken)
   at System.Net.Sockets.Socket.AwaitableSocketAsyncEventArgs.System.Threading.Tasks.Sources.IValueTaskSource<System.Int32>.GetResult(Int16 token)
   at System.Net.Security.SslStream.EnsureFullTlsFrameAsync[TIOAdapter](TIOAdapter adapter)
   at System.Net.Security.SslStream.ReadAsyncInternal[TIOAdapter](TIOAdapter adapter, Memory`1 buffer)
   at System.Net.Http.HttpConnection.SendAsyncCore(HttpRequestMessage request, Boolean async, CancellationToken cancellationToken)
   --- End of inner exception stack trace ---
   at System.Net.Http.HttpConnection.SendAsyncCore(HttpRequestMessage request, Boolean async, CancellationToken cancellationToken)
   at System.Net.Http.AuthenticationHelper.SendWithNtAuthAsync(HttpRequestMessage request, Uri authUri, Boolean async, ICredentials credentials, Boolean isProxyAuth, HttpConnection connection, HttpConnectionPool connectionPool, CancellationToken cancellationToken)
   at System.Net.Http.HttpConnectionPool.SendWithVersionDetectionAndRetryAsync(HttpRequestMessage request, Boolean async, Boolean doRequestAuth, CancellationToken cancellationToken)
   at System.Net.Http.AuthenticationHelper.SendWithAuthAsync(HttpRequestMessage request, Uri authUri, Boolean async, ICredentials credentials, Boolean preAuthenticate, Boolean isProxyAuth, Boolean doRequestAuth, HttpConnectionPool pool, CancellationToken cancellationToken)
   at System.Net.Http.DecompressionHandler.SendAsync(HttpRequestMessage request, Boolean async, CancellationToken cancellationToken)
   at GitHub.Services.Common.VssHttpMessageHandler.SendAsync(HttpRequestMessage request, CancellationToken cancellationToken)
   --- End of inner exception stack trace ---
   at GitHub.Services.Common.VssHttpMessageHandler.SendAsync(HttpRequestMessage request, CancellationToken cancellationToken)
   at GitHub.Services.Common.VssHttpRetryMessageHandler.SendAsync(HttpRequestMessage request, CancellationToken cancellationToken)
   at System.Net.Http.HttpClient.<SendAsync>g__Core|83_0(HttpRequestMessage request, HttpCompletionOption completionOption, CancellationTokenSource cts, Boolean disposeCts, CancellationTokenSource pendingRequestsCts, CancellationToken originalCancellationToken)
   at GitHub.Services.WebApi.VssHttpClientBase.SendAsync(HttpRequestMessage message, HttpCompletionOption completionOption, Object userState, CancellationToken cancellationToken)
   at GitHub.Services.WebApi.VssHttpClientBase.SendAsync[T](HttpRequestMessage message, Object userState, CancellationToken cancellationToken)
   at GitHub.Services.WebApi.VssHttpClientBase.SendAsync[T](HttpMethod method, IEnumerable`1 additionalHeaders, Guid locationId, Object routeValues, ApiResourceVersion version, HttpContent content, IEnumerable`1 queryParameters, Object userState, CancellationToken cancellationToken)
   at GitHub.Runner.Listener.MessageListener.GetNextMessageAsync(CancellationToken token)
[2023-05-13 03:09:17Z ERR  MessageListener] #####################################################
[2023-05-13 03:09:17Z ERR  MessageListener] System.Threading.Tasks.TaskCanceledException: The operation was canceled.
 ---> System.IO.IOException: Unable to read data from the transport connection: A operação de E/S foi anulada devido a uma saída de thread ou a uma requisição de aplicativo..
 ---> System.Net.Sockets.SocketException (995): A operação de E/S foi anulada devido a uma saída de thread ou a uma requisição de aplicativo.
   --- End of inner exception stack trace ---
   at System.Net.Sockets.Socket.AwaitableSocketAsyncEventArgs.ThrowException(SocketError error, CancellationToken cancellationToken)
   at System.Net.Sockets.Socket.AwaitableSocketAsyncEventArgs.System.Threading.Tasks.Sources.IValueTaskSource<System.Int32>.GetResult(Int16 token)
   at System.Net.Security.SslStream.EnsureFullTlsFrameAsync[TIOAdapter](TIOAdapter adapter)
   at System.Net.Security.SslStream.ReadAsyncInternal[TIOAdapter](TIOAdapter adapter, Memory`1 buffer)
   at System.Net.Http.HttpConnection.SendAsyncCore(HttpRequestMessage request, Boolean async, CancellationToken cancellationToken)
   --- End of inner exception stack trace ---
   at System.Net.Http.HttpConnection.SendAsyncCore(HttpRequestMessage request, Boolean async, CancellationToken cancellationToken)
   at System.Net.Http.AuthenticationHelper.SendWithNtAuthAsync(HttpRequestMessage request, Uri authUri, Boolean async, ICredentials credentials, Boolean isProxyAuth, HttpConnection connection, HttpConnectionPool connectionPool, CancellationToken cancellationToken)
   at System.Net.Http.HttpConnectionPool.SendWithVersionDetectionAndRetryAsync(HttpRequestMessage request, Boolean async, Boolean doRequestAuth, CancellationToken cancellationToken)
   at System.Net.Http.AuthenticationHelper.SendWithAuthAsync(HttpRequestMessage request, Uri authUri, Boolean async, ICredentials credentials, Boolean preAuthenticate, Boolean isProxyAuth, Boolean doRequestAuth, HttpConnectionPool pool, CancellationToken cancellationToken)
   at System.Net.Http.DecompressionHandler.SendAsync(HttpRequestMessage request, Boolean async, CancellationToken cancellationToken)
   at GitHub.Services.Common.VssHttpMessageHandler.SendAsync(HttpRequestMessage request, CancellationToken cancellationToken)
[2023-05-13 03:09:17Z ERR  MessageListener] #####################################################
[2023-05-13 03:09:17Z ERR  MessageListener] System.IO.IOException: Unable to read data from the transport connection: A operação de E/S foi anulada devido a uma saída de thread ou a uma requisição de aplicativo..
 ---> System.Net.Sockets.SocketException (995): A operação de E/S foi anulada devido a uma saída de thread ou a uma requisição de aplicativo.
   --- End of inner exception stack trace ---
   at System.Net.Sockets.Socket.AwaitableSocketAsyncEventArgs.ThrowException(SocketError error, CancellationToken cancellationToken)
   at System.Net.Sockets.Socket.AwaitableSocketAsyncEventArgs.System.Threading.Tasks.Sources.IValueTaskSource<System.Int32>.GetResult(Int16 token)
   at System.Net.Security.SslStream.EnsureFullTlsFrameAsync[TIOAdapter](TIOAdapter adapter)
   at System.Net.Security.SslStream.ReadAsyncInternal[TIOAdapter](TIOAdapter adapter, Memory`1 buffer)
   at System.Net.Http.HttpConnection.SendAsyncCore(HttpRequestMessage request, Boolean async, CancellationToken cancellationToken)
[2023-05-13 03:09:17Z ERR  MessageListener] #####################################################
[2023-05-13 03:09:17Z ERR  MessageListener] System.Net.Sockets.SocketException (995): A operação de E/S foi anulada devido a uma saída de thread ou a uma requisição de aplicativo.
[2023-05-13 03:09:17Z INFO MessageListener] Retriable exception: The HTTP request timed out after 00:01:00.
[2023-05-13 03:09:17Z ERR  Terminal] WRITE ERROR: 2023-05-13 03:09:17Z: Runner connect error: The HTTP request timed out after 00:01:00.. Retrying until reconnected.
[2023-05-13 03:09:17Z INFO RunnerServer] Refresh MessageQueue VssConnection to get on a different AFD node.
[2023-05-13 03:09:17Z INFO RunnerServer] EstablishVssConnection
[2023-05-13 03:09:17Z INFO RunnerServer] Establish connection with 60 seconds timeout.
[2023-05-13 03:09:17Z INFO GitHubActionsService] Starting operation Location.GetConnectionData
[2023-05-13 03:09:17Z INFO GitHubActionsService] Finished operation Location.GetConnectionData
[2023-05-13 03:09:17Z INFO MessageListener] Sleeping for 25.893 seconds before retrying.
[2023-05-13 03:10:33Z INFO Terminal] WRITE LINE: 2023-05-13 03:10:33Z: Runner reconnected.
[2023-05-13 03:15:10Z INFO Terminal] WRITE LINE: Exiting...
[2023-05-13 03:15:10Z INFO ConfigurationStore] IsServiceConfigured()
[2023-05-13 03:15:10Z INFO ConfigurationStore] IsServiceConfigured: False
[2023-05-13 03:15:10Z INFO HostContext] Runner will be shutdown for UserCancelled
[2023-05-13 03:15:10Z WARN GitHubActionsService] GET request to https://pipelines.actions.githubusercontent.com/ZRiBEleJ6CwRHXw0bEOnBzrscqxqgIh9q0d3bHVYurN0WhpWI6/_apis/distributedtask/pools/1/messages?sessionId=bf9e3daa-caa2-469d-8b25-07183b829cc3&status=Online&runnerVersion=2.304.0 has been cancelled.
[2023-05-13 03:15:10Z INFO MessageListener] Get next message has been cancelled.
[2023-05-13 03:15:10Z INFO JobDispatcher] Shutting down JobDispatcher. Make sure all WorkerDispatcher has finished.
[2023-05-13 03:15:11Z INFO Listener] Runner execution been cancelled.
